{"/Users/vichi/Documents/workspace/realto-api-server/services/analytics.service.js": {"path":"/Users/vichi/Documents/workspace/realto-api-server/services/analytics.service.js","statementMap":{"0":{"start":{"line":2,"column":31},"end":{"line":2,"column":74}},"1":{"start":{"line":3,"column":31},"end":{"line":3,"column":74}},"2":{"start":{"line":5,"column":32},"end":{"line":5,"column":76}},"3":{"start":{"line":6,"column":32},"end":{"line":6,"column":76}},"4":{"start":{"line":7,"column":13},"end":{"line":7,"column":38}},"5":{"start":{"line":9,"column":40},"end":{"line":9,"column":92}},"6":{"start":{"line":10,"column":39},"end":{"line":10,"column":90}},"7":{"start":{"line":11,"column":39},"end":{"line":11,"column":90}},"8":{"start":{"line":12,"column":38},"end":{"line":12,"column":88}},"9":{"start":{"line":14,"column":15},"end":{"line":14,"column":41}},"10":{"start":{"line":18,"column":31},"end":{"line":80,"column":1}},"11":{"start":{"line":19,"column":2},"end":{"line":19,"column":60}},"12":{"start":{"line":20,"column":16},"end":{"line":20,"column":52}},"13":{"start":{"line":24,"column":20},"end":{"line":24,"column":37}},"14":{"start":{"line":25,"column":18},"end":{"line":25,"column":32}},"15":{"start":{"line":27,"column":37},"end":{"line":27,"column":38}},"16":{"start":{"line":28,"column":37},"end":{"line":28,"column":38}},"17":{"start":{"line":29,"column":36},"end":{"line":29,"column":37}},"18":{"start":{"line":30,"column":36},"end":{"line":30,"column":37}},"19":{"start":{"line":31,"column":45},"end":{"line":31,"column":46}},"20":{"start":{"line":32,"column":44},"end":{"line":32,"column":45}},"21":{"start":{"line":33,"column":44},"end":{"line":33,"column":45}},"22":{"start":{"line":34,"column":43},"end":{"line":34,"column":44}},"23":{"start":{"line":36,"column":2},"end":{"line":64,"column":3}},"24":{"start":{"line":39,"column":4},"end":{"line":39,"column":117}},"25":{"start":{"line":40,"column":4},"end":{"line":40,"column":117}},"26":{"start":{"line":41,"column":4},"end":{"line":41,"column":115}},"27":{"start":{"line":42,"column":4},"end":{"line":42,"column":115}},"28":{"start":{"line":44,"column":4},"end":{"line":44,"column":133}},"29":{"start":{"line":45,"column":4},"end":{"line":45,"column":131}},"30":{"start":{"line":46,"column":4},"end":{"line":46,"column":131}},"31":{"start":{"line":47,"column":4},"end":{"line":47,"column":129}},"32":{"start":{"line":51,"column":9},"end":{"line":64,"column":3}},"33":{"start":{"line":54,"column":24},"end":{"line":54,"column":75}},"34":{"start":{"line":55,"column":4},"end":{"line":55,"column":91}},"35":{"start":{"line":56,"column":4},"end":{"line":56,"column":91}},"36":{"start":{"line":57,"column":4},"end":{"line":57,"column":89}},"37":{"start":{"line":58,"column":4},"end":{"line":58,"column":89}},"38":{"start":{"line":60,"column":4},"end":{"line":60,"column":98}},"39":{"start":{"line":61,"column":4},"end":{"line":61,"column":96}},"40":{"start":{"line":62,"column":4},"end":{"line":62,"column":96}},"41":{"start":{"line":63,"column":4},"end":{"line":63,"column":94}},"42":{"start":{"line":66,"column":22},"end":{"line":75,"column":3}},"43":{"start":{"line":77,"column":2},"end":{"line":77,"column":21}},"44":{"start":{"line":82,"column":0},"end":{"line":84,"column":2}}},"fnMap":{"0":{"name":"(anonymous_0)","decl":{"start":{"line":18,"column":31},"end":{"line":18,"column":32}},"loc":{"start":{"line":18,"column":51},"end":{"line":80,"column":1}},"line":18}},"branchMap":{"0":{"loc":{"start":{"line":36,"column":2},"end":{"line":64,"column":3}},"type":"if","locations":[{"start":{"line":36,"column":2},"end":{"line":64,"column":3}},{"start":{"line":51,"column":9},"end":{"line":64,"column":3}}],"line":36},"1":{"loc":{"start":{"line":51,"column":9},"end":{"line":64,"column":3}},"type":"if","locations":[{"start":{"line":51,"column":9},"end":{"line":64,"column":3}},{"start":{},"end":{}}],"line":51}},"s":{"0":1,"1":1,"2":1,"3":1,"4":1,"5":1,"6":1,"7":1,"8":1,"9":1,"10":1,"11":8,"12":8,"13":8,"14":8,"15":8,"16":8,"17":8,"18":8,"19":8,"20":8,"21":8,"22":8,"23":8,"24":5,"25":5,"26":5,"27":5,"28":5,"29":5,"30":5,"31":5,"32":3,"33":3,"34":3,"35":3,"36":3,"37":3,"38":3,"39":3,"40":3,"41":3,"42":8,"43":8,"44":1},"f":{"0":8},"b":{"0":[5,3],"1":[3,0]},"_coverageSchema":"1a1c01bbd47fc00a2c39e90264f33305004495a9","hash":"f8e7ac3ed5e1f420912c7293036d431b767495ce"}
,"/Users/vichi/Documents/workspace/realto-api-server/services/employee.service.js": {"path":"/Users/vichi/Documents/workspace/realto-api-server/services/employee.service.js","statementMap":{"0":{"start":{"line":2,"column":31},"end":{"line":2,"column":74}},"1":{"start":{"line":3,"column":31},"end":{"line":3,"column":74}},"2":{"start":{"line":5,"column":32},"end":{"line":5,"column":76}},"3":{"start":{"line":6,"column":32},"end":{"line":6,"column":76}},"4":{"start":{"line":7,"column":13},"end":{"line":7,"column":38}},"5":{"start":{"line":9,"column":40},"end":{"line":9,"column":92}},"6":{"start":{"line":10,"column":39},"end":{"line":10,"column":90}},"7":{"start":{"line":11,"column":39},"end":{"line":11,"column":90}},"8":{"start":{"line":12,"column":38},"end":{"line":12,"column":88}},"9":{"start":{"line":14,"column":15},"end":{"line":14,"column":41}},"10":{"start":{"line":17,"column":20},"end":{"line":61,"column":1}},"11":{"start":{"line":18,"column":26},"end":{"line":18,"column":74}},"12":{"start":{"line":19,"column":2},"end":{"line":19,"column":52}},"13":{"start":{"line":22,"column":21},"end":{"line":22,"column":47}},"14":{"start":{"line":23,"column":2},"end":{"line":25,"column":3}},"15":{"start":{"line":24,"column":4},"end":{"line":24,"column":40}},"16":{"start":{"line":27,"column":14},"end":{"line":27,"column":69}},"17":{"start":{"line":28,"column":4},"end":{"line":33,"column":5}},"18":{"start":{"line":29,"column":6},"end":{"line":32,"column":8}},"19":{"start":{"line":35,"column":2},"end":{"line":59,"column":3}},"20":{"start":{"line":36,"column":22},"end":{"line":36,"column":32}},"21":{"start":{"line":37,"column":19},"end":{"line":52,"column":5}},"22":{"start":{"line":53,"column":19},"end":{"line":53,"column":44}},"23":{"start":{"line":54,"column":4},"end":{"line":54,"column":49}},"24":{"start":{"line":55,"column":4},"end":{"line":55,"column":18}},"25":{"start":{"line":57,"column":4},"end":{"line":57,"column":72}},"26":{"start":{"line":58,"column":4},"end":{"line":58,"column":16}},"27":{"start":{"line":62,"column":30},"end":{"line":120,"column":1}},"28":{"start":{"line":63,"column":26},"end":{"line":63,"column":74}},"29":{"start":{"line":64,"column":2},"end":{"line":64,"column":52}},"30":{"start":{"line":67,"column":16},"end":{"line":67,"column":38}},"31":{"start":{"line":68,"column":15},"end":{"line":68,"column":39}},"32":{"start":{"line":69,"column":15},"end":{"line":69,"column":44}},"33":{"start":{"line":70,"column":21},"end":{"line":70,"column":47}},"34":{"start":{"line":71,"column":2},"end":{"line":73,"column":3}},"35":{"start":{"line":72,"column":4},"end":{"line":72,"column":40}},"36":{"start":{"line":76,"column":2},"end":{"line":119,"column":3}},"37":{"start":{"line":80,"column":16},"end":{"line":80,"column":63}},"38":{"start":{"line":81,"column":4},"end":{"line":86,"column":5}},"39":{"start":{"line":82,"column":6},"end":{"line":85,"column":8}},"40":{"start":{"line":88,"column":19},"end":{"line":98,"column":5}},"41":{"start":{"line":100,"column":4},"end":{"line":112,"column":5}},"42":{"start":{"line":101,"column":6},"end":{"line":101,"column":68}},"43":{"start":{"line":102,"column":6},"end":{"line":105,"column":8}},"44":{"start":{"line":107,"column":6},"end":{"line":107,"column":59}},"45":{"start":{"line":108,"column":6},"end":{"line":111,"column":8}},"46":{"start":{"line":114,"column":4},"end":{"line":114,"column":63}},"47":{"start":{"line":115,"column":4},"end":{"line":118,"column":6}},"48":{"start":{"line":121,"column":23},"end":{"line":224,"column":1}},"49":{"start":{"line":122,"column":18},"end":{"line":122,"column":47}},"50":{"start":{"line":123,"column":2},"end":{"line":123,"column":29}},"51":{"start":{"line":125,"column":2},"end":{"line":223,"column":3}},"52":{"start":{"line":126,"column":28},"end":{"line":126,"column":76}},"53":{"start":{"line":127,"column":4},"end":{"line":127,"column":54}},"54":{"start":{"line":128,"column":23},"end":{"line":128,"column":50}},"55":{"start":{"line":131,"column":24},"end":{"line":131,"column":76}},"56":{"start":{"line":133,"column":4},"end":{"line":135,"column":5}},"57":{"start":{"line":134,"column":6},"end":{"line":134,"column":44}},"58":{"start":{"line":137,"column":38},"end":{"line":137,"column":86}},"59":{"start":{"line":138,"column":38},"end":{"line":138,"column":86}},"60":{"start":{"line":139,"column":37},"end":{"line":139,"column":84}},"61":{"start":{"line":140,"column":37},"end":{"line":140,"column":84}},"62":{"start":{"line":142,"column":37},"end":{"line":142,"column":84}},"63":{"start":{"line":143,"column":36},"end":{"line":143,"column":82}},"64":{"start":{"line":144,"column":36},"end":{"line":144,"column":82}},"65":{"start":{"line":145,"column":35},"end":{"line":145,"column":80}},"66":{"start":{"line":148,"column":4},"end":{"line":152,"column":6}},"67":{"start":{"line":154,"column":4},"end":{"line":158,"column":6}},"68":{"start":{"line":160,"column":4},"end":{"line":164,"column":6}},"69":{"start":{"line":166,"column":4},"end":{"line":170,"column":6}},"70":{"start":{"line":174,"column":4},"end":{"line":178,"column":6}},"71":{"start":{"line":180,"column":4},"end":{"line":184,"column":6}},"72":{"start":{"line":186,"column":4},"end":{"line":190,"column":6}},"73":{"start":{"line":192,"column":4},"end":{"line":196,"column":6}},"74":{"start":{"line":199,"column":4},"end":{"line":203,"column":6}},"75":{"start":{"line":206,"column":4},"end":{"line":206,"column":58}},"76":{"start":{"line":209,"column":4},"end":{"line":209,"column":38}},"77":{"start":{"line":210,"column":4},"end":{"line":210,"column":25}},"78":{"start":{"line":212,"column":4},"end":{"line":212,"column":49}},"79":{"start":{"line":213,"column":4},"end":{"line":213,"column":21}},"80":{"start":{"line":216,"column":4},"end":{"line":216,"column":37}},"81":{"start":{"line":217,"column":4},"end":{"line":217,"column":25}},"82":{"start":{"line":218,"column":4},"end":{"line":218,"column":51}},"83":{"start":{"line":219,"column":4},"end":{"line":222,"column":6}},"84":{"start":{"line":225,"column":23},"end":{"line":240,"column":1}},"85":{"start":{"line":226,"column":2},"end":{"line":239,"column":3}},"86":{"start":{"line":227,"column":25},"end":{"line":227,"column":70}},"87":{"start":{"line":228,"column":21},"end":{"line":228,"column":42}},"88":{"start":{"line":229,"column":24},"end":{"line":229,"column":48}},"89":{"start":{"line":230,"column":4},"end":{"line":230,"column":46}},"90":{"start":{"line":232,"column":4},"end":{"line":232,"column":57}},"91":{"start":{"line":233,"column":4},"end":{"line":233,"column":93}},"92":{"start":{"line":234,"column":4},"end":{"line":234,"column":21}},"93":{"start":{"line":235,"column":4},"end":{"line":235,"column":21}},"94":{"start":{"line":237,"column":4},"end":{"line":237,"column":31}},"95":{"start":{"line":238,"column":4},"end":{"line":238,"column":15}},"96":{"start":{"line":242,"column":33},"end":{"line":253,"column":1}},"97":{"start":{"line":243,"column":2},"end":{"line":252,"column":3}},"98":{"start":{"line":244,"column":28},"end":{"line":244,"column":76}},"99":{"start":{"line":245,"column":24},"end":{"line":245,"column":51}},"100":{"start":{"line":246,"column":26},"end":{"line":246,"column":55}},"101":{"start":{"line":247,"column":4},"end":{"line":247,"column":101}},"102":{"start":{"line":248,"column":4},"end":{"line":248,"column":21}},"103":{"start":{"line":250,"column":4},"end":{"line":250,"column":31}},"104":{"start":{"line":251,"column":4},"end":{"line":251,"column":15}},"105":{"start":{"line":255,"column":24},"end":{"line":266,"column":1}},"106":{"start":{"line":256,"column":18},"end":{"line":256,"column":58}},"107":{"start":{"line":257,"column":2},"end":{"line":257,"column":44}},"108":{"start":{"line":258,"column":2},"end":{"line":265,"column":3}},"109":{"start":{"line":259,"column":20},"end":{"line":259,"column":130}},"110":{"start":{"line":260,"column":4},"end":{"line":260,"column":61}},"111":{"start":{"line":261,"column":4},"end":{"line":261,"column":19}},"112":{"start":{"line":263,"column":4},"end":{"line":263,"column":72}},"113":{"start":{"line":264,"column":4},"end":{"line":264,"column":16}},"114":{"start":{"line":267,"column":32},"end":{"line":298,"column":1}},"115":{"start":{"line":284,"column":2},"end":{"line":297,"column":5}},"116":{"start":{"line":285,"column":4},"end":{"line":296,"column":5}},"117":{"start":{"line":286,"column":6},"end":{"line":286,"column":23}},"118":{"start":{"line":289,"column":6},"end":{"line":289,"column":19}},"119":{"start":{"line":291,"column":6},"end":{"line":291,"column":59}},"120":{"start":{"line":295,"column":6},"end":{"line":295,"column":18}},"121":{"start":{"line":299,"column":27},"end":{"line":317,"column":1}},"122":{"start":{"line":300,"column":2},"end":{"line":316,"column":5}},"123":{"start":{"line":301,"column":4},"end":{"line":306,"column":5}},"124":{"start":{"line":302,"column":6},"end":{"line":302,"column":23}},"125":{"start":{"line":303,"column":6},"end":{"line":303,"column":39}},"126":{"start":{"line":304,"column":6},"end":{"line":304,"column":16}},"127":{"start":{"line":305,"column":6},"end":{"line":305,"column":16}},"128":{"start":{"line":307,"column":4},"end":{"line":307,"column":33}},"129":{"start":{"line":308,"column":4},"end":{"line":315,"column":5}},"130":{"start":{"line":309,"column":6},"end":{"line":309,"column":47}},"131":{"start":{"line":311,"column":6},"end":{"line":311,"column":18}},"132":{"start":{"line":314,"column":6},"end":{"line":314,"column":23}},"133":{"start":{"line":320,"column":31},"end":{"line":338,"column":1}},"134":{"start":{"line":322,"column":2},"end":{"line":337,"column":4}},"135":{"start":{"line":326,"column":6},"end":{"line":335,"column":7}},"136":{"start":{"line":327,"column":8},"end":{"line":327,"column":25}},"137":{"start":{"line":330,"column":8},"end":{"line":330,"column":21}},"138":{"start":{"line":334,"column":8},"end":{"line":334,"column":20}},"139":{"start":{"line":341,"column":36},"end":{"line":425,"column":1}},"140":{"start":{"line":342,"column":18},"end":{"line":342,"column":58}},"141":{"start":{"line":343,"column":2},"end":{"line":343,"column":44}},"142":{"start":{"line":344,"column":20},"end":{"line":344,"column":39}},"143":{"start":{"line":345,"column":21},"end":{"line":345,"column":40}},"144":{"start":{"line":346,"column":23},"end":{"line":346,"column":44}},"145":{"start":{"line":347,"column":20},"end":{"line":347,"column":37}},"146":{"start":{"line":348,"column":19},"end":{"line":348,"column":36}},"147":{"start":{"line":349,"column":27},"end":{"line":349,"column":54}},"148":{"start":{"line":350,"column":88},"end":{"line":350,"column":104}},"149":{"start":{"line":351,"column":22},"end":{"line":351,"column":26}},"150":{"start":{"line":352,"column":24},"end":{"line":352,"column":28}},"151":{"start":{"line":353,"column":16},"end":{"line":353,"column":20}},"152":{"start":{"line":354,"column":2},"end":{"line":424,"column":3}},"153":{"start":{"line":355,"column":4},"end":{"line":380,"column":5}},"154":{"start":{"line":356,"column":6},"end":{"line":364,"column":7}},"155":{"start":{"line":357,"column":8},"end":{"line":357,"column":62}},"156":{"start":{"line":358,"column":13},"end":{"line":364,"column":7}},"157":{"start":{"line":359,"column":8},"end":{"line":359,"column":62}},"158":{"start":{"line":360,"column":13},"end":{"line":364,"column":7}},"159":{"start":{"line":361,"column":8},"end":{"line":361,"column":61}},"160":{"start":{"line":362,"column":13},"end":{"line":364,"column":7}},"161":{"start":{"line":363,"column":8},"end":{"line":363,"column":61}},"162":{"start":{"line":366,"column":6},"end":{"line":366,"column":45}},"163":{"start":{"line":368,"column":11},"end":{"line":380,"column":5}},"164":{"start":{"line":369,"column":6},"end":{"line":377,"column":7}},"165":{"start":{"line":370,"column":8},"end":{"line":370,"column":61}},"166":{"start":{"line":371,"column":13},"end":{"line":377,"column":7}},"167":{"start":{"line":372,"column":8},"end":{"line":372,"column":60}},"168":{"start":{"line":373,"column":13},"end":{"line":377,"column":7}},"169":{"start":{"line":374,"column":8},"end":{"line":374,"column":60}},"170":{"start":{"line":375,"column":13},"end":{"line":377,"column":7}},"171":{"start":{"line":376,"column":8},"end":{"line":376,"column":59}},"172":{"start":{"line":379,"column":6},"end":{"line":379,"column":45}},"173":{"start":{"line":382,"column":4},"end":{"line":400,"column":5}},"174":{"start":{"line":383,"column":6},"end":{"line":390,"column":8}},"175":{"start":{"line":391,"column":11},"end":{"line":400,"column":5}},"176":{"start":{"line":392,"column":6},"end":{"line":399,"column":8}},"177":{"start":{"line":405,"column":4},"end":{"line":407,"column":5}},"178":{"start":{"line":406,"column":6},"end":{"line":406,"column":50}},"179":{"start":{"line":409,"column":20},"end":{"line":409,"column":25}},"180":{"start":{"line":410,"column":4},"end":{"line":414,"column":5}},"181":{"start":{"line":411,"column":6},"end":{"line":411,"column":101}},"182":{"start":{"line":412,"column":11},"end":{"line":414,"column":5}},"183":{"start":{"line":413,"column":6},"end":{"line":413,"column":105}},"184":{"start":{"line":416,"column":4},"end":{"line":418,"column":5}},"185":{"start":{"line":417,"column":6},"end":{"line":417,"column":50}},"186":{"start":{"line":420,"column":4},"end":{"line":420,"column":21}},"187":{"start":{"line":422,"column":4},"end":{"line":422,"column":84}},"188":{"start":{"line":423,"column":4},"end":{"line":423,"column":60}},"189":{"start":{"line":426,"column":41},"end":{"line":501,"column":1}},"190":{"start":{"line":427,"column":2},"end":{"line":499,"column":3}},"191":{"start":{"line":428,"column":4},"end":{"line":462,"column":5}},"192":{"start":{"line":429,"column":6},"end":{"line":444,"column":7}},"193":{"start":{"line":430,"column":8},"end":{"line":435,"column":10}},"194":{"start":{"line":437,"column":13},"end":{"line":444,"column":7}},"195":{"start":{"line":438,"column":8},"end":{"line":443,"column":10}},"196":{"start":{"line":445,"column":11},"end":{"line":462,"column":5}},"197":{"start":{"line":446,"column":6},"end":{"line":461,"column":7}},"198":{"start":{"line":447,"column":8},"end":{"line":452,"column":10}},"199":{"start":{"line":454,"column":13},"end":{"line":461,"column":7}},"200":{"start":{"line":455,"column":8},"end":{"line":460,"column":10}},"201":{"start":{"line":463,"column":9},"end":{"line":499,"column":3}},"202":{"start":{"line":464,"column":4},"end":{"line":498,"column":5}},"203":{"start":{"line":465,"column":6},"end":{"line":480,"column":7}},"204":{"start":{"line":466,"column":8},"end":{"line":471,"column":10}},"205":{"start":{"line":473,"column":13},"end":{"line":480,"column":7}},"206":{"start":{"line":474,"column":8},"end":{"line":479,"column":10}},"207":{"start":{"line":481,"column":11},"end":{"line":498,"column":5}},"208":{"start":{"line":482,"column":6},"end":{"line":497,"column":7}},"209":{"start":{"line":483,"column":8},"end":{"line":488,"column":10}},"210":{"start":{"line":490,"column":13},"end":{"line":497,"column":7}},"211":{"start":{"line":491,"column":8},"end":{"line":496,"column":10}},"212":{"start":{"line":500,"column":2},"end":{"line":500,"column":14}},"213":{"start":{"line":502,"column":45},"end":{"line":613,"column":1}},"214":{"start":{"line":503,"column":2},"end":{"line":611,"column":3}},"215":{"start":{"line":504,"column":4},"end":{"line":556,"column":5}},"216":{"start":{"line":505,"column":6},"end":{"line":529,"column":7}},"217":{"start":{"line":507,"column":8},"end":{"line":510,"column":10}},"218":{"start":{"line":513,"column":8},"end":{"line":516,"column":10}},"219":{"start":{"line":517,"column":13},"end":{"line":529,"column":7}},"220":{"start":{"line":519,"column":8},"end":{"line":522,"column":10}},"221":{"start":{"line":525,"column":8},"end":{"line":528,"column":10}},"222":{"start":{"line":530,"column":11},"end":{"line":556,"column":5}},"223":{"start":{"line":531,"column":6},"end":{"line":555,"column":7}},"224":{"start":{"line":533,"column":8},"end":{"line":536,"column":10}},"225":{"start":{"line":539,"column":8},"end":{"line":542,"column":10}},"226":{"start":{"line":543,"column":13},"end":{"line":555,"column":7}},"227":{"start":{"line":545,"column":8},"end":{"line":548,"column":10}},"228":{"start":{"line":551,"column":8},"end":{"line":554,"column":10}},"229":{"start":{"line":557,"column":9},"end":{"line":611,"column":3}},"230":{"start":{"line":558,"column":4},"end":{"line":610,"column":5}},"231":{"start":{"line":559,"column":6},"end":{"line":583,"column":7}},"232":{"start":{"line":561,"column":8},"end":{"line":564,"column":10}},"233":{"start":{"line":567,"column":8},"end":{"line":570,"column":10}},"234":{"start":{"line":571,"column":13},"end":{"line":583,"column":7}},"235":{"start":{"line":573,"column":8},"end":{"line":576,"column":10}},"236":{"start":{"line":579,"column":8},"end":{"line":582,"column":10}},"237":{"start":{"line":584,"column":11},"end":{"line":610,"column":5}},"238":{"start":{"line":585,"column":6},"end":{"line":609,"column":7}},"239":{"start":{"line":587,"column":8},"end":{"line":590,"column":10}},"240":{"start":{"line":593,"column":8},"end":{"line":596,"column":10}},"241":{"start":{"line":597,"column":13},"end":{"line":609,"column":7}},"242":{"start":{"line":599,"column":8},"end":{"line":602,"column":10}},"243":{"start":{"line":605,"column":8},"end":{"line":608,"column":10}},"244":{"start":{"line":612,"column":2},"end":{"line":612,"column":14}},"245":{"start":{"line":615,"column":0},"end":{"line":626,"column":2}}},"fnMap":{"0":{"name":"(anonymous_0)","decl":{"start":{"line":17,"column":20},"end":{"line":17,"column":21}},"loc":{"start":{"line":17,"column":52},"end":{"line":61,"column":1}},"line":17},"1":{"name":"(anonymous_1)","decl":{"start":{"line":62,"column":30},"end":{"line":62,"column":31}},"loc":{"start":{"line":62,"column":62},"end":{"line":120,"column":1}},"line":62},"2":{"name":"(anonymous_2)","decl":{"start":{"line":121,"column":23},"end":{"line":121,"column":24}},"loc":{"start":{"line":121,"column":55},"end":{"line":224,"column":1}},"line":121},"3":{"name":"(anonymous_3)","decl":{"start":{"line":225,"column":23},"end":{"line":225,"column":24}},"loc":{"start":{"line":225,"column":52},"end":{"line":240,"column":1}},"line":225},"4":{"name":"(anonymous_4)","decl":{"start":{"line":242,"column":33},"end":{"line":242,"column":34}},"loc":{"start":{"line":242,"column":65},"end":{"line":253,"column":1}},"line":242},"5":{"name":"(anonymous_5)","decl":{"start":{"line":255,"column":24},"end":{"line":255,"column":25}},"loc":{"start":{"line":255,"column":48},"end":{"line":266,"column":1}},"line":255},"6":{"name":"(anonymous_6)","decl":{"start":{"line":267,"column":32},"end":{"line":267,"column":33}},"loc":{"start":{"line":267,"column":42},"end":{"line":298,"column":1}},"line":267},"7":{"name":"(anonymous_7)","decl":{"start":{"line":284,"column":36},"end":{"line":284,"column":37}},"loc":{"start":{"line":284,"column":57},"end":{"line":297,"column":3}},"line":284},"8":{"name":"(anonymous_8)","decl":{"start":{"line":299,"column":27},"end":{"line":299,"column":28}},"loc":{"start":{"line":299,"column":44},"end":{"line":317,"column":1}},"line":299},"9":{"name":"(anonymous_9)","decl":{"start":{"line":300,"column":51},"end":{"line":300,"column":52}},"loc":{"start":{"line":300,"column":72},"end":{"line":316,"column":3}},"line":300},"10":{"name":"(anonymous_10)","decl":{"start":{"line":320,"column":31},"end":{"line":320,"column":32}},"loc":{"start":{"line":320,"column":56},"end":{"line":338,"column":1}},"line":320},"11":{"name":"(anonymous_11)","decl":{"start":{"line":325,"column":4},"end":{"line":325,"column":5}},"loc":{"start":{"line":325,"column":25},"end":{"line":336,"column":5}},"line":325},"12":{"name":"(anonymous_12)","decl":{"start":{"line":341,"column":36},"end":{"line":341,"column":37}},"loc":{"start":{"line":341,"column":60},"end":{"line":425,"column":1}},"line":341},"13":{"name":"(anonymous_13)","decl":{"start":{"line":426,"column":41},"end":{"line":426,"column":42}},"loc":{"start":{"line":426,"column":95},"end":{"line":501,"column":1}},"line":426},"14":{"name":"(anonymous_14)","decl":{"start":{"line":502,"column":45},"end":{"line":502,"column":46}},"loc":{"start":{"line":502,"column":99},"end":{"line":613,"column":1}},"line":502}},"branchMap":{"0":{"loc":{"start":{"line":23,"column":2},"end":{"line":25,"column":3}},"type":"if","locations":[{"start":{"line":23,"column":2},"end":{"line":25,"column":3}},{"start":{},"end":{}}],"line":23},"1":{"loc":{"start":{"line":28,"column":4},"end":{"line":33,"column":5}},"type":"if","locations":[{"start":{"line":28,"column":4},"end":{"line":33,"column":5}},{"start":{},"end":{}}],"line":28},"2":{"loc":{"start":{"line":28,"column":8},"end":{"line":28,"column":29}},"type":"binary-expr","locations":[{"start":{"line":28,"column":8},"end":{"line":28,"column":11}},{"start":{"line":28,"column":15},"end":{"line":28,"column":29}}],"line":28},"3":{"loc":{"start":{"line":71,"column":2},"end":{"line":73,"column":3}},"type":"if","locations":[{"start":{"line":71,"column":2},"end":{"line":73,"column":3}},{"start":{},"end":{}}],"line":71},"4":{"loc":{"start":{"line":81,"column":4},"end":{"line":86,"column":5}},"type":"if","locations":[{"start":{"line":81,"column":4},"end":{"line":86,"column":5}},{"start":{},"end":{}}],"line":81},"5":{"loc":{"start":{"line":100,"column":4},"end":{"line":112,"column":5}},"type":"if","locations":[{"start":{"line":100,"column":4},"end":{"line":112,"column":5}},{"start":{"line":106,"column":11},"end":{"line":112,"column":5}}],"line":100},"6":{"loc":{"start":{"line":133,"column":4},"end":{"line":135,"column":5}},"type":"if","locations":[{"start":{"line":133,"column":4},"end":{"line":135,"column":5}},{"start":{},"end":{}}],"line":133},"7":{"loc":{"start":{"line":285,"column":4},"end":{"line":296,"column":5}},"type":"if","locations":[{"start":{"line":285,"column":4},"end":{"line":296,"column":5}},{"start":{"line":290,"column":11},"end":{"line":296,"column":5}}],"line":285},"8":{"loc":{"start":{"line":301,"column":4},"end":{"line":306,"column":5}},"type":"if","locations":[{"start":{"line":301,"column":4},"end":{"line":306,"column":5}},{"start":{},"end":{}}],"line":301},"9":{"loc":{"start":{"line":308,"column":4},"end":{"line":315,"column":5}},"type":"if","locations":[{"start":{"line":308,"column":4},"end":{"line":315,"column":5}},{"start":{"line":312,"column":11},"end":{"line":315,"column":5}}],"line":308},"10":{"loc":{"start":{"line":326,"column":6},"end":{"line":335,"column":7}},"type":"if","locations":[{"start":{"line":326,"column":6},"end":{"line":335,"column":7}},{"start":{"line":331,"column":13},"end":{"line":335,"column":7}}],"line":326},"11":{"loc":{"start":{"line":355,"column":4},"end":{"line":380,"column":5}},"type":"if","locations":[{"start":{"line":355,"column":4},"end":{"line":380,"column":5}},{"start":{"line":368,"column":11},"end":{"line":380,"column":5}}],"line":355},"12":{"loc":{"start":{"line":356,"column":6},"end":{"line":364,"column":7}},"type":"if","locations":[{"start":{"line":356,"column":6},"end":{"line":364,"column":7}},{"start":{"line":358,"column":13},"end":{"line":364,"column":7}}],"line":356},"13":{"loc":{"start":{"line":356,"column":10},"end":{"line":356,"column":36}},"type":"binary-expr","locations":[{"start":{"line":356,"column":10},"end":{"line":356,"column":23}},{"start":{"line":356,"column":27},"end":{"line":356,"column":36}}],"line":356},"14":{"loc":{"start":{"line":358,"column":13},"end":{"line":364,"column":7}},"type":"if","locations":[{"start":{"line":358,"column":13},"end":{"line":364,"column":7}},{"start":{"line":360,"column":13},"end":{"line":364,"column":7}}],"line":358},"15":{"loc":{"start":{"line":358,"column":17},"end":{"line":358,"column":43}},"type":"binary-expr","locations":[{"start":{"line":358,"column":17},"end":{"line":358,"column":30}},{"start":{"line":358,"column":34},"end":{"line":358,"column":43}}],"line":358},"16":{"loc":{"start":{"line":360,"column":13},"end":{"line":364,"column":7}},"type":"if","locations":[{"start":{"line":360,"column":13},"end":{"line":364,"column":7}},{"start":{"line":362,"column":13},"end":{"line":364,"column":7}}],"line":360},"17":{"loc":{"start":{"line":360,"column":17},"end":{"line":360,"column":42}},"type":"binary-expr","locations":[{"start":{"line":360,"column":17},"end":{"line":360,"column":29}},{"start":{"line":360,"column":33},"end":{"line":360,"column":42}}],"line":360},"18":{"loc":{"start":{"line":362,"column":13},"end":{"line":364,"column":7}},"type":"if","locations":[{"start":{"line":362,"column":13},"end":{"line":364,"column":7}},{"start":{},"end":{}}],"line":362},"19":{"loc":{"start":{"line":362,"column":17},"end":{"line":362,"column":42}},"type":"binary-expr","locations":[{"start":{"line":362,"column":17},"end":{"line":362,"column":29}},{"start":{"line":362,"column":33},"end":{"line":362,"column":42}}],"line":362},"20":{"loc":{"start":{"line":368,"column":11},"end":{"line":380,"column":5}},"type":"if","locations":[{"start":{"line":368,"column":11},"end":{"line":380,"column":5}},{"start":{},"end":{}}],"line":368},"21":{"loc":{"start":{"line":369,"column":6},"end":{"line":377,"column":7}},"type":"if","locations":[{"start":{"line":369,"column":6},"end":{"line":377,"column":7}},{"start":{"line":371,"column":13},"end":{"line":377,"column":7}}],"line":369},"22":{"loc":{"start":{"line":369,"column":10},"end":{"line":369,"column":36}},"type":"binary-expr","locations":[{"start":{"line":369,"column":10},"end":{"line":369,"column":23}},{"start":{"line":369,"column":27},"end":{"line":369,"column":36}}],"line":369},"23":{"loc":{"start":{"line":371,"column":13},"end":{"line":377,"column":7}},"type":"if","locations":[{"start":{"line":371,"column":13},"end":{"line":377,"column":7}},{"start":{"line":373,"column":13},"end":{"line":377,"column":7}}],"line":371},"24":{"loc":{"start":{"line":371,"column":17},"end":{"line":371,"column":43}},"type":"binary-expr","locations":[{"start":{"line":371,"column":17},"end":{"line":371,"column":30}},{"start":{"line":371,"column":34},"end":{"line":371,"column":43}}],"line":371},"25":{"loc":{"start":{"line":373,"column":13},"end":{"line":377,"column":7}},"type":"if","locations":[{"start":{"line":373,"column":13},"end":{"line":377,"column":7}},{"start":{"line":375,"column":13},"end":{"line":377,"column":7}}],"line":373},"26":{"loc":{"start":{"line":373,"column":17},"end":{"line":373,"column":42}},"type":"binary-expr","locations":[{"start":{"line":373,"column":17},"end":{"line":373,"column":29}},{"start":{"line":373,"column":33},"end":{"line":373,"column":42}}],"line":373},"27":{"loc":{"start":{"line":375,"column":13},"end":{"line":377,"column":7}},"type":"if","locations":[{"start":{"line":375,"column":13},"end":{"line":377,"column":7}},{"start":{},"end":{}}],"line":375},"28":{"loc":{"start":{"line":375,"column":17},"end":{"line":375,"column":42}},"type":"binary-expr","locations":[{"start":{"line":375,"column":17},"end":{"line":375,"column":29}},{"start":{"line":375,"column":33},"end":{"line":375,"column":42}}],"line":375},"29":{"loc":{"start":{"line":382,"column":4},"end":{"line":400,"column":5}},"type":"if","locations":[{"start":{"line":382,"column":4},"end":{"line":400,"column":5}},{"start":{"line":391,"column":11},"end":{"line":400,"column":5}}],"line":382},"30":{"loc":{"start":{"line":391,"column":11},"end":{"line":400,"column":5}},"type":"if","locations":[{"start":{"line":391,"column":11},"end":{"line":400,"column":5}},{"start":{},"end":{}}],"line":391},"31":{"loc":{"start":{"line":405,"column":4},"end":{"line":407,"column":5}},"type":"if","locations":[{"start":{"line":405,"column":4},"end":{"line":407,"column":5}},{"start":{},"end":{}}],"line":405},"32":{"loc":{"start":{"line":410,"column":4},"end":{"line":414,"column":5}},"type":"if","locations":[{"start":{"line":410,"column":4},"end":{"line":414,"column":5}},{"start":{"line":412,"column":11},"end":{"line":414,"column":5}}],"line":410},"33":{"loc":{"start":{"line":412,"column":11},"end":{"line":414,"column":5}},"type":"if","locations":[{"start":{"line":412,"column":11},"end":{"line":414,"column":5}},{"start":{},"end":{}}],"line":412},"34":{"loc":{"start":{"line":416,"column":4},"end":{"line":418,"column":5}},"type":"if","locations":[{"start":{"line":416,"column":4},"end":{"line":418,"column":5}},{"start":{},"end":{}}],"line":416},"35":{"loc":{"start":{"line":427,"column":2},"end":{"line":499,"column":3}},"type":"if","locations":[{"start":{"line":427,"column":2},"end":{"line":499,"column":3}},{"start":{"line":463,"column":9},"end":{"line":499,"column":3}}],"line":427},"36":{"loc":{"start":{"line":428,"column":4},"end":{"line":462,"column":5}},"type":"if","locations":[{"start":{"line":428,"column":4},"end":{"line":462,"column":5}},{"start":{"line":445,"column":11},"end":{"line":462,"column":5}}],"line":428},"37":{"loc":{"start":{"line":429,"column":6},"end":{"line":444,"column":7}},"type":"if","locations":[{"start":{"line":429,"column":6},"end":{"line":444,"column":7}},{"start":{"line":437,"column":13},"end":{"line":444,"column":7}}],"line":429},"38":{"loc":{"start":{"line":437,"column":13},"end":{"line":444,"column":7}},"type":"if","locations":[{"start":{"line":437,"column":13},"end":{"line":444,"column":7}},{"start":{},"end":{}}],"line":437},"39":{"loc":{"start":{"line":445,"column":11},"end":{"line":462,"column":5}},"type":"if","locations":[{"start":{"line":445,"column":11},"end":{"line":462,"column":5}},{"start":{},"end":{}}],"line":445},"40":{"loc":{"start":{"line":446,"column":6},"end":{"line":461,"column":7}},"type":"if","locations":[{"start":{"line":446,"column":6},"end":{"line":461,"column":7}},{"start":{"line":454,"column":13},"end":{"line":461,"column":7}}],"line":446},"41":{"loc":{"start":{"line":454,"column":13},"end":{"line":461,"column":7}},"type":"if","locations":[{"start":{"line":454,"column":13},"end":{"line":461,"column":7}},{"start":{},"end":{}}],"line":454},"42":{"loc":{"start":{"line":463,"column":9},"end":{"line":499,"column":3}},"type":"if","locations":[{"start":{"line":463,"column":9},"end":{"line":499,"column":3}},{"start":{},"end":{}}],"line":463},"43":{"loc":{"start":{"line":464,"column":4},"end":{"line":498,"column":5}},"type":"if","locations":[{"start":{"line":464,"column":4},"end":{"line":498,"column":5}},{"start":{"line":481,"column":11},"end":{"line":498,"column":5}}],"line":464},"44":{"loc":{"start":{"line":465,"column":6},"end":{"line":480,"column":7}},"type":"if","locations":[{"start":{"line":465,"column":6},"end":{"line":480,"column":7}},{"start":{"line":473,"column":13},"end":{"line":480,"column":7}}],"line":465},"45":{"loc":{"start":{"line":473,"column":13},"end":{"line":480,"column":7}},"type":"if","locations":[{"start":{"line":473,"column":13},"end":{"line":480,"column":7}},{"start":{},"end":{}}],"line":473},"46":{"loc":{"start":{"line":481,"column":11},"end":{"line":498,"column":5}},"type":"if","locations":[{"start":{"line":481,"column":11},"end":{"line":498,"column":5}},{"start":{},"end":{}}],"line":481},"47":{"loc":{"start":{"line":482,"column":6},"end":{"line":497,"column":7}},"type":"if","locations":[{"start":{"line":482,"column":6},"end":{"line":497,"column":7}},{"start":{"line":490,"column":13},"end":{"line":497,"column":7}}],"line":482},"48":{"loc":{"start":{"line":490,"column":13},"end":{"line":497,"column":7}},"type":"if","locations":[{"start":{"line":490,"column":13},"end":{"line":497,"column":7}},{"start":{},"end":{}}],"line":490},"49":{"loc":{"start":{"line":503,"column":2},"end":{"line":611,"column":3}},"type":"if","locations":[{"start":{"line":503,"column":2},"end":{"line":611,"column":3}},{"start":{"line":557,"column":9},"end":{"line":611,"column":3}}],"line":503},"50":{"loc":{"start":{"line":504,"column":4},"end":{"line":556,"column":5}},"type":"if","locations":[{"start":{"line":504,"column":4},"end":{"line":556,"column":5}},{"start":{"line":530,"column":11},"end":{"line":556,"column":5}}],"line":504},"51":{"loc":{"start":{"line":505,"column":6},"end":{"line":529,"column":7}},"type":"if","locations":[{"start":{"line":505,"column":6},"end":{"line":529,"column":7}},{"start":{"line":517,"column":13},"end":{"line":529,"column":7}}],"line":505},"52":{"loc":{"start":{"line":517,"column":13},"end":{"line":529,"column":7}},"type":"if","locations":[{"start":{"line":517,"column":13},"end":{"line":529,"column":7}},{"start":{},"end":{}}],"line":517},"53":{"loc":{"start":{"line":530,"column":11},"end":{"line":556,"column":5}},"type":"if","locations":[{"start":{"line":530,"column":11},"end":{"line":556,"column":5}},{"start":{},"end":{}}],"line":530},"54":{"loc":{"start":{"line":531,"column":6},"end":{"line":555,"column":7}},"type":"if","locations":[{"start":{"line":531,"column":6},"end":{"line":555,"column":7}},{"start":{"line":543,"column":13},"end":{"line":555,"column":7}}],"line":531},"55":{"loc":{"start":{"line":543,"column":13},"end":{"line":555,"column":7}},"type":"if","locations":[{"start":{"line":543,"column":13},"end":{"line":555,"column":7}},{"start":{},"end":{}}],"line":543},"56":{"loc":{"start":{"line":557,"column":9},"end":{"line":611,"column":3}},"type":"if","locations":[{"start":{"line":557,"column":9},"end":{"line":611,"column":3}},{"start":{},"end":{}}],"line":557},"57":{"loc":{"start":{"line":558,"column":4},"end":{"line":610,"column":5}},"type":"if","locations":[{"start":{"line":558,"column":4},"end":{"line":610,"column":5}},{"start":{"line":584,"column":11},"end":{"line":610,"column":5}}],"line":558},"58":{"loc":{"start":{"line":559,"column":6},"end":{"line":583,"column":7}},"type":"if","locations":[{"start":{"line":559,"column":6},"end":{"line":583,"column":7}},{"start":{"line":571,"column":13},"end":{"line":583,"column":7}}],"line":559},"59":{"loc":{"start":{"line":571,"column":13},"end":{"line":583,"column":7}},"type":"if","locations":[{"start":{"line":571,"column":13},"end":{"line":583,"column":7}},{"start":{},"end":{}}],"line":571},"60":{"loc":{"start":{"line":584,"column":11},"end":{"line":610,"column":5}},"type":"if","locations":[{"start":{"line":584,"column":11},"end":{"line":610,"column":5}},{"start":{},"end":{}}],"line":584},"61":{"loc":{"start":{"line":585,"column":6},"end":{"line":609,"column":7}},"type":"if","locations":[{"start":{"line":585,"column":6},"end":{"line":609,"column":7}},{"start":{"line":597,"column":13},"end":{"line":609,"column":7}}],"line":585},"62":{"loc":{"start":{"line":597,"column":13},"end":{"line":609,"column":7}},"type":"if","locations":[{"start":{"line":597,"column":13},"end":{"line":609,"column":7}},{"start":{},"end":{}}],"line":597}},"s":{"0":1,"1":1,"2":1,"3":1,"4":1,"5":1,"6":1,"7":1,"8":1,"9":1,"10":1,"11":5,"12":5,"13":5,"14":5,"15":4,"16":5,"17":5,"18":1,"19":4,"20":4,"21":4,"22":4,"23":3,"24":3,"25":1,"26":1,"27":1,"28":4,"29":4,"30":4,"31":4,"32":4,"33":4,"34":4,"35":4,"36":4,"37":4,"38":4,"39":1,"40":3,"41":2,"42":1,"43":1,"44":1,"45":1,"46":1,"47":1,"48":1,"49":0,"50":0,"51":0,"52":0,"53":0,"54":0,"55":0,"56":0,"57":0,"58":0,"59":0,"60":0,"61":0,"62":0,"63":0,"64":0,"65":0,"66":0,"67":0,"68":0,"69":0,"70":0,"71":0,"72":0,"73":0,"74":0,"75":0,"76":0,"77":0,"78":0,"79":0,"80":0,"81":0,"82":0,"83":0,"84":1,"85":2,"86":2,"87":2,"88":2,"89":2,"90":2,"91":1,"92":1,"93":1,"94":1,"95":1,"96":1,"97":2,"98":2,"99":2,"100":2,"101":2,"102":1,"103":1,"104":1,"105":1,"106":3,"107":3,"108":3,"109":3,"110":2,"111":2,"112":1,"113":1,"114":1,"115":0,"116":0,"117":0,"118":0,"119":0,"120":0,"121":1,"122":0,"123":0,"124":0,"125":0,"126":0,"127":0,"128":0,"129":0,"130":0,"131":0,"132":0,"133":1,"134":0,"135":0,"136":0,"137":0,"138":0,"139":1,"140":6,"141":6,"142":6,"143":6,"144":6,"145":6,"146":6,"147":6,"148":6,"149":6,"150":6,"151":6,"152":6,"153":6,"154":4,"155":3,"156":1,"157":0,"158":1,"159":0,"160":1,"161":1,"162":4,"163":2,"164":2,"165":0,"166":2,"167":1,"168":1,"169":1,"170":0,"171":0,"172":2,"173":6,"174":4,"175":2,"176":2,"177":5,"178":1,"179":4,"180":4,"181":2,"182":2,"183":2,"184":4,"185":0,"186":4,"187":1,"188":1,"189":1,"190":2,"191":1,"192":1,"193":1,"194":0,"195":0,"196":0,"197":0,"198":0,"199":0,"200":0,"201":1,"202":1,"203":1,"204":0,"205":1,"206":1,"207":0,"208":0,"209":0,"210":0,"211":0,"212":2,"213":1,"214":2,"215":1,"216":0,"217":0,"218":0,"219":0,"220":0,"221":0,"222":1,"223":1,"224":0,"225":0,"226":1,"227":1,"228":1,"229":1,"230":1,"231":0,"232":0,"233":0,"234":0,"235":0,"236":0,"237":1,"238":1,"239":1,"240":1,"241":0,"242":0,"243":0,"244":2,"245":1},"f":{"0":5,"1":4,"2":0,"3":2,"4":2,"5":3,"6":0,"7":0,"8":0,"9":0,"10":0,"11":0,"12":6,"13":2,"14":2},"b":{"0":[4,1],"1":[1,4],"2":[5,5],"3":[4,0],"4":[1,3],"5":[1,1],"6":[0,0],"7":[0,0],"8":[0,0],"9":[0,0],"10":[0,0],"11":[4,2],"12":[3,1],"13":[4,3],"14":[0,1],"15":[1,0],"16":[0,1],"17":[1,1],"18":[1,0],"19":[1,1],"20":[2,0],"21":[0,2],"22":[2,1],"23":[1,1],"24":[2,1],"25":[1,0],"26":[1,1],"27":[0,0],"28":[0,0],"29":[4,2],"30":[2,0],"31":[1,4],"32":[2,2],"33":[2,0],"34":[0,4],"35":[1,1],"36":[1,0],"37":[1,0],"38":[0,0],"39":[0,0],"40":[0,0],"41":[0,0],"42":[1,0],"43":[1,0],"44":[0,1],"45":[1,0],"46":[0,0],"47":[0,0],"48":[0,0],"49":[1,1],"50":[0,1],"51":[0,0],"52":[0,0],"53":[1,0],"54":[0,1],"55":[1,0],"56":[1,0],"57":[0,1],"58":[0,0],"59":[0,0],"60":[1,0],"61":[1,0],"62":[0,0]},"_coverageSchema":"1a1c01bbd47fc00a2c39e90264f33305004495a9","hash":"35746181bb68d30fe8929223624f078679f0aded"}
,"/Users/vichi/Documents/workspace/realto-api-server/services/global.search.service.js": {"path":"/Users/vichi/Documents/workspace/realto-api-server/services/global.search.service.js","statementMap":{"0":{"start":{"line":2,"column":31},"end":{"line":2,"column":74}},"1":{"start":{"line":3,"column":31},"end":{"line":3,"column":74}},"2":{"start":{"line":5,"column":38},"end":{"line":5,"column":88}},"3":{"start":{"line":6,"column":39},"end":{"line":6,"column":90}},"4":{"start":{"line":9,"column":35},"end":{"line":9,"column":88}},"5":{"start":{"line":10,"column":35},"end":{"line":10,"column":88}},"6":{"start":{"line":12,"column":36},"end":{"line":12,"column":90}},"7":{"start":{"line":13,"column":36},"end":{"line":13,"column":90}},"8":{"start":{"line":15,"column":32},"end":{"line":15,"column":76}},"9":{"start":{"line":16,"column":32},"end":{"line":16,"column":76}},"10":{"start":{"line":18,"column":39},"end":{"line":18,"column":90}},"11":{"start":{"line":19,"column":40},"end":{"line":19,"column":92}},"12":{"start":{"line":21,"column":37},"end":{"line":21,"column":92}},"13":{"start":{"line":22,"column":39},"end":{"line":22,"column":93}},"14":{"start":{"line":24,"column":37},"end":{"line":24,"column":92}},"15":{"start":{"line":25,"column":36},"end":{"line":25,"column":90}},"16":{"start":{"line":29,"column":40},"end":{"line":29,"column":92}},"17":{"start":{"line":30,"column":39},"end":{"line":30,"column":90}},"18":{"start":{"line":31,"column":39},"end":{"line":31,"column":90}},"19":{"start":{"line":32,"column":38},"end":{"line":32,"column":88}},"20":{"start":{"line":34,"column":15},"end":{"line":34,"column":41}},"21":{"start":{"line":38,"column":4},"end":{"line":38,"column":32}},"22":{"start":{"line":41,"column":30},"end":{"line":585,"column":1}},"23":{"start":{"line":42,"column":2},"end":{"line":42,"column":46}},"24":{"start":{"line":43,"column":14},"end":{"line":43,"column":56}},"25":{"start":{"line":44,"column":20},"end":{"line":44,"column":35}},"26":{"start":{"line":45,"column":27},"end":{"line":45,"column":29}},"27":{"start":{"line":46,"column":28},"end":{"line":46,"column":30}},"28":{"start":{"line":47,"column":27},"end":{"line":47,"column":29}},"29":{"start":{"line":48,"column":28},"end":{"line":48,"column":30}},"30":{"start":{"line":49,"column":2},"end":{"line":584,"column":3}},"31":{"start":{"line":50,"column":4},"end":{"line":579,"column":5}},"32":{"start":{"line":51,"column":6},"end":{"line":314,"column":7}},"33":{"start":{"line":52,"column":27},"end":{"line":52,"column":52}},"34":{"start":{"line":54,"column":33},"end":{"line":54,"column":94}},"35":{"start":{"line":54,"column":63},"end":{"line":54,"column":93}},"36":{"start":{"line":56,"column":8},"end":{"line":56,"column":38}},"37":{"start":{"line":59,"column":30},"end":{"line":59,"column":32}},"38":{"start":{"line":60,"column":32},"end":{"line":60,"column":54}},"39":{"start":{"line":63,"column":32},"end":{"line":69,"column":11}},"40":{"start":{"line":63,"column":71},"end":{"line":69,"column":9}},"41":{"start":{"line":71,"column":38},"end":{"line":71,"column":40}},"42":{"start":{"line":72,"column":20},"end":{"line":72,"column":24}},"43":{"start":{"line":73,"column":28},"end":{"line":73,"column":32}},"44":{"start":{"line":75,"column":8},"end":{"line":139,"column":9}},"45":{"start":{"line":76,"column":10},"end":{"line":99,"column":12}},"46":{"start":{"line":102,"column":10},"end":{"line":102,"column":92}},"47":{"start":{"line":103,"column":10},"end":{"line":118,"column":11}},"48":{"start":{"line":105,"column":12},"end":{"line":116,"column":14}},"49":{"start":{"line":117,"column":12},"end":{"line":117,"column":94}},"50":{"start":{"line":119,"column":10},"end":{"line":119,"column":55}},"51":{"start":{"line":121,"column":15},"end":{"line":139,"column":9}},"52":{"start":{"line":122,"column":10},"end":{"line":134,"column":12}},"53":{"start":{"line":136,"column":10},"end":{"line":136,"column":92}},"54":{"start":{"line":137,"column":10},"end":{"line":137,"column":57}},"55":{"start":{"line":142,"column":30},"end":{"line":142,"column":58}},"56":{"start":{"line":143,"column":8},"end":{"line":149,"column":9}},"57":{"start":{"line":144,"column":10},"end":{"line":148,"column":11}},"58":{"start":{"line":145,"column":12},"end":{"line":145,"column":44}},"59":{"start":{"line":147,"column":12},"end":{"line":147,"column":45}},"60":{"start":{"line":151,"column":8},"end":{"line":172,"column":9}},"61":{"start":{"line":152,"column":25},"end":{"line":169,"column":12}},"62":{"start":{"line":170,"column":10},"end":{"line":170,"column":49}},"63":{"start":{"line":171,"column":10},"end":{"line":171,"column":30}},"64":{"start":{"line":174,"column":46},"end":{"line":174,"column":117}},"65":{"start":{"line":175,"column":34},"end":{"line":175,"column":89}},"66":{"start":{"line":177,"column":8},"end":{"line":177,"column":55}},"67":{"start":{"line":178,"column":8},"end":{"line":178,"column":33}},"68":{"start":{"line":181,"column":13},"end":{"line":314,"column":7}},"69":{"start":{"line":183,"column":27},"end":{"line":183,"column":52}},"70":{"start":{"line":185,"column":33},"end":{"line":185,"column":94}},"71":{"start":{"line":185,"column":63},"end":{"line":185,"column":93}},"72":{"start":{"line":187,"column":8},"end":{"line":187,"column":38}},"73":{"start":{"line":190,"column":30},"end":{"line":190,"column":32}},"74":{"start":{"line":191,"column":32},"end":{"line":191,"column":54}},"75":{"start":{"line":194,"column":32},"end":{"line":200,"column":11}},"76":{"start":{"line":194,"column":71},"end":{"line":200,"column":9}},"77":{"start":{"line":202,"column":38},"end":{"line":202,"column":40}},"78":{"start":{"line":203,"column":20},"end":{"line":203,"column":24}},"79":{"start":{"line":204,"column":28},"end":{"line":204,"column":32}},"80":{"start":{"line":206,"column":8},"end":{"line":270,"column":9}},"81":{"start":{"line":209,"column":10},"end":{"line":227,"column":12}},"82":{"start":{"line":230,"column":10},"end":{"line":230,"column":91}},"83":{"start":{"line":231,"column":10},"end":{"line":247,"column":11}},"84":{"start":{"line":233,"column":12},"end":{"line":245,"column":14}},"85":{"start":{"line":246,"column":12},"end":{"line":246,"column":93}},"86":{"start":{"line":248,"column":10},"end":{"line":248,"column":54}},"87":{"start":{"line":250,"column":15},"end":{"line":270,"column":9}},"88":{"start":{"line":252,"column":10},"end":{"line":265,"column":12}},"89":{"start":{"line":268,"column":10},"end":{"line":268,"column":91}},"90":{"start":{"line":269,"column":10},"end":{"line":269,"column":53}},"91":{"start":{"line":275,"column":30},"end":{"line":275,"column":58}},"92":{"start":{"line":276,"column":8},"end":{"line":282,"column":9}},"93":{"start":{"line":277,"column":10},"end":{"line":281,"column":11}},"94":{"start":{"line":278,"column":12},"end":{"line":278,"column":44}},"95":{"start":{"line":280,"column":12},"end":{"line":280,"column":45}},"96":{"start":{"line":284,"column":8},"end":{"line":305,"column":9}},"97":{"start":{"line":285,"column":25},"end":{"line":302,"column":12}},"98":{"start":{"line":303,"column":10},"end":{"line":303,"column":49}},"99":{"start":{"line":304,"column":10},"end":{"line":304,"column":30}},"100":{"start":{"line":307,"column":46},"end":{"line":307,"column":117}},"101":{"start":{"line":308,"column":34},"end":{"line":308,"column":89}},"102":{"start":{"line":310,"column":8},"end":{"line":310,"column":55}},"103":{"start":{"line":311,"column":8},"end":{"line":311,"column":33}},"104":{"start":{"line":315,"column":11},"end":{"line":579,"column":5}},"105":{"start":{"line":316,"column":6},"end":{"line":577,"column":7}},"106":{"start":{"line":317,"column":27},"end":{"line":317,"column":52}},"107":{"start":{"line":319,"column":33},"end":{"line":319,"column":94}},"108":{"start":{"line":319,"column":63},"end":{"line":319,"column":93}},"109":{"start":{"line":321,"column":8},"end":{"line":321,"column":38}},"110":{"start":{"line":324,"column":30},"end":{"line":324,"column":32}},"111":{"start":{"line":325,"column":32},"end":{"line":325,"column":54}},"112":{"start":{"line":328,"column":32},"end":{"line":334,"column":11}},"113":{"start":{"line":328,"column":71},"end":{"line":334,"column":9}},"114":{"start":{"line":340,"column":30},"end":{"line":342,"column":9}},"115":{"start":{"line":344,"column":43},"end":{"line":344,"column":45}},"116":{"start":{"line":345,"column":26},"end":{"line":345,"column":28}},"117":{"start":{"line":346,"column":38},"end":{"line":346,"column":40}},"118":{"start":{"line":347,"column":28},"end":{"line":347,"column":32}},"119":{"start":{"line":349,"column":8},"end":{"line":414,"column":9}},"120":{"start":{"line":351,"column":10},"end":{"line":354,"column":26}},"121":{"start":{"line":357,"column":10},"end":{"line":357,"column":91}},"122":{"start":{"line":357,"column":69},"end":{"line":357,"column":89}},"123":{"start":{"line":359,"column":10},"end":{"line":374,"column":27}},"124":{"start":{"line":376,"column":10},"end":{"line":387,"column":11}},"125":{"start":{"line":378,"column":12},"end":{"line":386,"column":29}},"126":{"start":{"line":389,"column":10},"end":{"line":389,"column":55}},"127":{"start":{"line":392,"column":15},"end":{"line":414,"column":9}},"128":{"start":{"line":394,"column":10},"end":{"line":397,"column":26}},"129":{"start":{"line":399,"column":10},"end":{"line":399,"column":91}},"130":{"start":{"line":399,"column":69},"end":{"line":399,"column":89}},"131":{"start":{"line":401,"column":10},"end":{"line":410,"column":27}},"132":{"start":{"line":412,"column":10},"end":{"line":412,"column":54}},"133":{"start":{"line":421,"column":29},"end":{"line":421,"column":57}},"134":{"start":{"line":422,"column":8},"end":{"line":428,"column":9}},"135":{"start":{"line":423,"column":10},"end":{"line":427,"column":11}},"136":{"start":{"line":424,"column":12},"end":{"line":424,"column":44}},"137":{"start":{"line":426,"column":12},"end":{"line":426,"column":45}},"138":{"start":{"line":430,"column":8},"end":{"line":451,"column":9}},"139":{"start":{"line":431,"column":25},"end":{"line":448,"column":12}},"140":{"start":{"line":449,"column":10},"end":{"line":449,"column":49}},"141":{"start":{"line":450,"column":10},"end":{"line":450,"column":30}},"142":{"start":{"line":454,"column":46},"end":{"line":454,"column":120}},"143":{"start":{"line":455,"column":33},"end":{"line":455,"column":88}},"144":{"start":{"line":457,"column":8},"end":{"line":457,"column":54}},"145":{"start":{"line":458,"column":8},"end":{"line":458,"column":32}},"146":{"start":{"line":459,"column":13},"end":{"line":577,"column":7}},"147":{"start":{"line":461,"column":27},"end":{"line":461,"column":52}},"148":{"start":{"line":463,"column":33},"end":{"line":463,"column":94}},"149":{"start":{"line":463,"column":63},"end":{"line":463,"column":93}},"150":{"start":{"line":465,"column":8},"end":{"line":465,"column":38}},"151":{"start":{"line":468,"column":30},"end":{"line":468,"column":32}},"152":{"start":{"line":469,"column":32},"end":{"line":469,"column":54}},"153":{"start":{"line":472,"column":32},"end":{"line":478,"column":11}},"154":{"start":{"line":472,"column":71},"end":{"line":478,"column":9}},"155":{"start":{"line":484,"column":38},"end":{"line":486,"column":9}},"156":{"start":{"line":487,"column":32},"end":{"line":487,"column":34}},"157":{"start":{"line":488,"column":26},"end":{"line":488,"column":28}},"158":{"start":{"line":489,"column":27},"end":{"line":489,"column":29}},"159":{"start":{"line":490,"column":28},"end":{"line":490,"column":32}},"160":{"start":{"line":492,"column":8},"end":{"line":537,"column":9}},"161":{"start":{"line":494,"column":10},"end":{"line":494,"column":129}},"162":{"start":{"line":497,"column":10},"end":{"line":497,"column":80}},"163":{"start":{"line":497,"column":58},"end":{"line":497,"column":78}},"164":{"start":{"line":500,"column":10},"end":{"line":516,"column":27}},"165":{"start":{"line":517,"column":10},"end":{"line":517,"column":54}},"166":{"start":{"line":519,"column":15},"end":{"line":537,"column":9}},"167":{"start":{"line":521,"column":10},"end":{"line":521,"column":128}},"168":{"start":{"line":523,"column":10},"end":{"line":523,"column":80}},"169":{"start":{"line":523,"column":58},"end":{"line":523,"column":78}},"170":{"start":{"line":525,"column":10},"end":{"line":534,"column":27}},"171":{"start":{"line":535,"column":10},"end":{"line":535,"column":53}},"172":{"start":{"line":539,"column":29},"end":{"line":539,"column":46}},"173":{"start":{"line":540,"column":8},"end":{"line":546,"column":9}},"174":{"start":{"line":541,"column":10},"end":{"line":545,"column":11}},"175":{"start":{"line":542,"column":12},"end":{"line":542,"column":44}},"176":{"start":{"line":544,"column":12},"end":{"line":544,"column":45}},"177":{"start":{"line":548,"column":8},"end":{"line":569,"column":9}},"178":{"start":{"line":549,"column":25},"end":{"line":566,"column":12}},"179":{"start":{"line":567,"column":10},"end":{"line":567,"column":49}},"180":{"start":{"line":568,"column":10},"end":{"line":568,"column":30}},"181":{"start":{"line":572,"column":46},"end":{"line":572,"column":120}},"182":{"start":{"line":573,"column":33},"end":{"line":573,"column":88}},"183":{"start":{"line":575,"column":8},"end":{"line":575,"column":54}},"184":{"start":{"line":576,"column":8},"end":{"line":576,"column":32}},"185":{"start":{"line":582,"column":4},"end":{"line":582,"column":23}},"186":{"start":{"line":583,"column":4},"end":{"line":583,"column":60}},"187":{"start":{"line":587,"column":39},"end":{"line":623,"column":1}},"188":{"start":{"line":588,"column":2},"end":{"line":588,"column":82}},"189":{"start":{"line":589,"column":19},"end":{"line":589,"column":60}},"190":{"start":{"line":590,"column":22},"end":{"line":590,"column":42}},"191":{"start":{"line":591,"column":28},"end":{"line":591,"column":54}},"192":{"start":{"line":595,"column":2},"end":{"line":615,"column":3}},"193":{"start":{"line":596,"column":4},"end":{"line":598,"column":6}},"194":{"start":{"line":599,"column":4},"end":{"line":603,"column":5}},"195":{"start":{"line":600,"column":6},"end":{"line":600,"column":37}},"196":{"start":{"line":601,"column":11},"end":{"line":603,"column":5}},"197":{"start":{"line":602,"column":6},"end":{"line":602,"column":36}},"198":{"start":{"line":604,"column":9},"end":{"line":615,"column":3}},"199":{"start":{"line":605,"column":4},"end":{"line":609,"column":6}},"200":{"start":{"line":610,"column":4},"end":{"line":614,"column":5}},"201":{"start":{"line":611,"column":6},"end":{"line":611,"column":45}},"202":{"start":{"line":612,"column":11},"end":{"line":614,"column":5}},"203":{"start":{"line":613,"column":6},"end":{"line":613,"column":44}},"204":{"start":{"line":616,"column":2},"end":{"line":622,"column":3}},"205":{"start":{"line":617,"column":17},"end":{"line":617,"column":52}},"206":{"start":{"line":618,"column":4},"end":{"line":618,"column":16}},"207":{"start":{"line":620,"column":4},"end":{"line":620,"column":21}},"208":{"start":{"line":621,"column":4},"end":{"line":621,"column":16}},"209":{"start":{"line":626,"column":0},"end":{"line":629,"column":2}}},"fnMap":{"0":{"name":"(anonymous_0)","decl":{"start":{"line":41,"column":30},"end":{"line":41,"column":31}},"loc":{"start":{"line":41,"column":56},"end":{"line":585,"column":1}},"line":41},"1":{"name":"(anonymous_1)","decl":{"start":{"line":54,"column":48},"end":{"line":54,"column":49}},"loc":{"start":{"line":54,"column":63},"end":{"line":54,"column":93}},"line":54},"2":{"name":"(anonymous_2)","decl":{"start":{"line":63,"column":53},"end":{"line":63,"column":54}},"loc":{"start":{"line":63,"column":71},"end":{"line":69,"column":9}},"line":63},"3":{"name":"(anonymous_3)","decl":{"start":{"line":185,"column":48},"end":{"line":185,"column":49}},"loc":{"start":{"line":185,"column":63},"end":{"line":185,"column":93}},"line":185},"4":{"name":"(anonymous_4)","decl":{"start":{"line":194,"column":53},"end":{"line":194,"column":54}},"loc":{"start":{"line":194,"column":71},"end":{"line":200,"column":9}},"line":194},"5":{"name":"(anonymous_5)","decl":{"start":{"line":319,"column":48},"end":{"line":319,"column":49}},"loc":{"start":{"line":319,"column":63},"end":{"line":319,"column":93}},"line":319},"6":{"name":"(anonymous_6)","decl":{"start":{"line":328,"column":53},"end":{"line":328,"column":54}},"loc":{"start":{"line":328,"column":71},"end":{"line":334,"column":9}},"line":328},"7":{"name":"(anonymous_7)","decl":{"start":{"line":357,"column":57},"end":{"line":357,"column":58}},"loc":{"start":{"line":357,"column":69},"end":{"line":357,"column":89}},"line":357},"8":{"name":"(anonymous_8)","decl":{"start":{"line":399,"column":57},"end":{"line":399,"column":58}},"loc":{"start":{"line":399,"column":69},"end":{"line":399,"column":89}},"line":399},"9":{"name":"(anonymous_9)","decl":{"start":{"line":463,"column":48},"end":{"line":463,"column":49}},"loc":{"start":{"line":463,"column":63},"end":{"line":463,"column":93}},"line":463},"10":{"name":"(anonymous_10)","decl":{"start":{"line":472,"column":53},"end":{"line":472,"column":54}},"loc":{"start":{"line":472,"column":71},"end":{"line":478,"column":9}},"line":472},"11":{"name":"(anonymous_11)","decl":{"start":{"line":497,"column":46},"end":{"line":497,"column":47}},"loc":{"start":{"line":497,"column":58},"end":{"line":497,"column":78}},"line":497},"12":{"name":"(anonymous_12)","decl":{"start":{"line":523,"column":46},"end":{"line":523,"column":47}},"loc":{"start":{"line":523,"column":58},"end":{"line":523,"column":78}},"line":523},"13":{"name":"(anonymous_13)","decl":{"start":{"line":587,"column":39},"end":{"line":587,"column":40}},"loc":{"start":{"line":587,"column":64},"end":{"line":623,"column":1}},"line":587}},"branchMap":{"0":{"loc":{"start":{"line":50,"column":4},"end":{"line":579,"column":5}},"type":"if","locations":[{"start":{"line":50,"column":4},"end":{"line":579,"column":5}},{"start":{"line":315,"column":11},"end":{"line":579,"column":5}}],"line":50},"1":{"loc":{"start":{"line":51,"column":6},"end":{"line":314,"column":7}},"type":"if","locations":[{"start":{"line":51,"column":6},"end":{"line":314,"column":7}},{"start":{"line":181,"column":13},"end":{"line":314,"column":7}}],"line":51},"2":{"loc":{"start":{"line":75,"column":8},"end":{"line":139,"column":9}},"type":"if","locations":[{"start":{"line":75,"column":8},"end":{"line":139,"column":9}},{"start":{"line":121,"column":15},"end":{"line":139,"column":9}}],"line":75},"3":{"loc":{"start":{"line":83,"column":20},"end":{"line":83,"column":42}},"type":"binary-expr","locations":[{"start":{"line":83,"column":20},"end":{"line":83,"column":37}},{"start":{"line":83,"column":41},"end":{"line":83,"column":42}}],"line":83},"4":{"loc":{"start":{"line":84,"column":20},"end":{"line":84,"column":49}},"type":"binary-expr","locations":[{"start":{"line":84,"column":20},"end":{"line":84,"column":37}},{"start":{"line":84,"column":41},"end":{"line":84,"column":49}}],"line":84},"5":{"loc":{"start":{"line":103,"column":10},"end":{"line":118,"column":11}},"type":"if","locations":[{"start":{"line":103,"column":10},"end":{"line":118,"column":11}},{"start":{},"end":{}}],"line":103},"6":{"loc":{"start":{"line":112,"column":22},"end":{"line":112,"column":44}},"type":"binary-expr","locations":[{"start":{"line":112,"column":22},"end":{"line":112,"column":39}},{"start":{"line":112,"column":43},"end":{"line":112,"column":44}}],"line":112},"7":{"loc":{"start":{"line":113,"column":22},"end":{"line":113,"column":51}},"type":"binary-expr","locations":[{"start":{"line":113,"column":22},"end":{"line":113,"column":39}},{"start":{"line":113,"column":43},"end":{"line":113,"column":51}}],"line":113},"8":{"loc":{"start":{"line":121,"column":15},"end":{"line":139,"column":9}},"type":"if","locations":[{"start":{"line":121,"column":15},"end":{"line":139,"column":9}},{"start":{},"end":{}}],"line":121},"9":{"loc":{"start":{"line":129,"column":20},"end":{"line":129,"column":44}},"type":"binary-expr","locations":[{"start":{"line":129,"column":20},"end":{"line":129,"column":39}},{"start":{"line":129,"column":43},"end":{"line":129,"column":44}}],"line":129},"10":{"loc":{"start":{"line":130,"column":20},"end":{"line":130,"column":51}},"type":"binary-expr","locations":[{"start":{"line":130,"column":20},"end":{"line":130,"column":39}},{"start":{"line":130,"column":43},"end":{"line":130,"column":51}}],"line":130},"11":{"loc":{"start":{"line":144,"column":10},"end":{"line":148,"column":11}},"type":"if","locations":[{"start":{"line":144,"column":10},"end":{"line":148,"column":11}},{"start":{"line":146,"column":17},"end":{"line":148,"column":11}}],"line":144},"12":{"loc":{"start":{"line":181,"column":13},"end":{"line":314,"column":7}},"type":"if","locations":[{"start":{"line":181,"column":13},"end":{"line":314,"column":7}},{"start":{},"end":{}}],"line":181},"13":{"loc":{"start":{"line":206,"column":8},"end":{"line":270,"column":9}},"type":"if","locations":[{"start":{"line":206,"column":8},"end":{"line":270,"column":9}},{"start":{"line":250,"column":15},"end":{"line":270,"column":9}}],"line":206},"14":{"loc":{"start":{"line":217,"column":20},"end":{"line":217,"column":42}},"type":"binary-expr","locations":[{"start":{"line":217,"column":20},"end":{"line":217,"column":37}},{"start":{"line":217,"column":41},"end":{"line":217,"column":42}}],"line":217},"15":{"loc":{"start":{"line":218,"column":20},"end":{"line":218,"column":49}},"type":"binary-expr","locations":[{"start":{"line":218,"column":20},"end":{"line":218,"column":37}},{"start":{"line":218,"column":41},"end":{"line":218,"column":49}}],"line":218},"16":{"loc":{"start":{"line":231,"column":10},"end":{"line":247,"column":11}},"type":"if","locations":[{"start":{"line":231,"column":10},"end":{"line":247,"column":11}},{"start":{},"end":{}}],"line":231},"17":{"loc":{"start":{"line":241,"column":22},"end":{"line":241,"column":44}},"type":"binary-expr","locations":[{"start":{"line":241,"column":22},"end":{"line":241,"column":39}},{"start":{"line":241,"column":43},"end":{"line":241,"column":44}}],"line":241},"18":{"loc":{"start":{"line":242,"column":22},"end":{"line":242,"column":51}},"type":"binary-expr","locations":[{"start":{"line":242,"column":22},"end":{"line":242,"column":39}},{"start":{"line":242,"column":43},"end":{"line":242,"column":51}}],"line":242},"19":{"loc":{"start":{"line":250,"column":15},"end":{"line":270,"column":9}},"type":"if","locations":[{"start":{"line":250,"column":15},"end":{"line":270,"column":9}},{"start":{},"end":{}}],"line":250},"20":{"loc":{"start":{"line":260,"column":20},"end":{"line":260,"column":44}},"type":"binary-expr","locations":[{"start":{"line":260,"column":20},"end":{"line":260,"column":39}},{"start":{"line":260,"column":43},"end":{"line":260,"column":44}}],"line":260},"21":{"loc":{"start":{"line":261,"column":20},"end":{"line":261,"column":51}},"type":"binary-expr","locations":[{"start":{"line":261,"column":20},"end":{"line":261,"column":39}},{"start":{"line":261,"column":43},"end":{"line":261,"column":51}}],"line":261},"22":{"loc":{"start":{"line":277,"column":10},"end":{"line":281,"column":11}},"type":"if","locations":[{"start":{"line":277,"column":10},"end":{"line":281,"column":11}},{"start":{"line":279,"column":17},"end":{"line":281,"column":11}}],"line":277},"23":{"loc":{"start":{"line":315,"column":11},"end":{"line":579,"column":5}},"type":"if","locations":[{"start":{"line":315,"column":11},"end":{"line":579,"column":5}},{"start":{},"end":{}}],"line":315},"24":{"loc":{"start":{"line":316,"column":6},"end":{"line":577,"column":7}},"type":"if","locations":[{"start":{"line":316,"column":6},"end":{"line":577,"column":7}},{"start":{"line":459,"column":13},"end":{"line":577,"column":7}}],"line":316},"25":{"loc":{"start":{"line":349,"column":8},"end":{"line":414,"column":9}},"type":"if","locations":[{"start":{"line":349,"column":8},"end":{"line":414,"column":9}},{"start":{"line":392,"column":15},"end":{"line":414,"column":9}}],"line":349},"26":{"loc":{"start":{"line":364,"column":20},"end":{"line":364,"column":42}},"type":"binary-expr","locations":[{"start":{"line":364,"column":20},"end":{"line":364,"column":37}},{"start":{"line":364,"column":41},"end":{"line":364,"column":42}}],"line":364},"27":{"loc":{"start":{"line":365,"column":20},"end":{"line":365,"column":49}},"type":"binary-expr","locations":[{"start":{"line":365,"column":20},"end":{"line":365,"column":37}},{"start":{"line":365,"column":41},"end":{"line":365,"column":49}}],"line":365},"28":{"loc":{"start":{"line":376,"column":10},"end":{"line":387,"column":11}},"type":"if","locations":[{"start":{"line":376,"column":10},"end":{"line":387,"column":11}},{"start":{},"end":{}}],"line":376},"29":{"loc":{"start":{"line":383,"column":22},"end":{"line":383,"column":44}},"type":"binary-expr","locations":[{"start":{"line":383,"column":22},"end":{"line":383,"column":39}},{"start":{"line":383,"column":43},"end":{"line":383,"column":44}}],"line":383},"30":{"loc":{"start":{"line":384,"column":22},"end":{"line":384,"column":51}},"type":"binary-expr","locations":[{"start":{"line":384,"column":22},"end":{"line":384,"column":39}},{"start":{"line":384,"column":43},"end":{"line":384,"column":51}}],"line":384},"31":{"loc":{"start":{"line":392,"column":15},"end":{"line":414,"column":9}},"type":"if","locations":[{"start":{"line":392,"column":15},"end":{"line":414,"column":9}},{"start":{},"end":{}}],"line":392},"32":{"loc":{"start":{"line":406,"column":20},"end":{"line":406,"column":42}},"type":"binary-expr","locations":[{"start":{"line":406,"column":20},"end":{"line":406,"column":37}},{"start":{"line":406,"column":41},"end":{"line":406,"column":42}}],"line":406},"33":{"loc":{"start":{"line":407,"column":20},"end":{"line":407,"column":49}},"type":"binary-expr","locations":[{"start":{"line":407,"column":20},"end":{"line":407,"column":37}},{"start":{"line":407,"column":41},"end":{"line":407,"column":49}}],"line":407},"34":{"loc":{"start":{"line":423,"column":10},"end":{"line":427,"column":11}},"type":"if","locations":[{"start":{"line":423,"column":10},"end":{"line":427,"column":11}},{"start":{"line":425,"column":17},"end":{"line":427,"column":11}}],"line":423},"35":{"loc":{"start":{"line":459,"column":13},"end":{"line":577,"column":7}},"type":"if","locations":[{"start":{"line":459,"column":13},"end":{"line":577,"column":7}},{"start":{},"end":{}}],"line":459},"36":{"loc":{"start":{"line":492,"column":8},"end":{"line":537,"column":9}},"type":"if","locations":[{"start":{"line":492,"column":8},"end":{"line":537,"column":9}},{"start":{"line":519,"column":15},"end":{"line":537,"column":9}}],"line":492},"37":{"loc":{"start":{"line":505,"column":20},"end":{"line":505,"column":42}},"type":"binary-expr","locations":[{"start":{"line":505,"column":20},"end":{"line":505,"column":37}},{"start":{"line":505,"column":41},"end":{"line":505,"column":42}}],"line":505},"38":{"loc":{"start":{"line":506,"column":20},"end":{"line":506,"column":49}},"type":"binary-expr","locations":[{"start":{"line":506,"column":20},"end":{"line":506,"column":37}},{"start":{"line":506,"column":41},"end":{"line":506,"column":49}}],"line":506},"39":{"loc":{"start":{"line":519,"column":15},"end":{"line":537,"column":9}},"type":"if","locations":[{"start":{"line":519,"column":15},"end":{"line":537,"column":9}},{"start":{},"end":{}}],"line":519},"40":{"loc":{"start":{"line":530,"column":20},"end":{"line":530,"column":42}},"type":"binary-expr","locations":[{"start":{"line":530,"column":20},"end":{"line":530,"column":37}},{"start":{"line":530,"column":41},"end":{"line":530,"column":42}}],"line":530},"41":{"loc":{"start":{"line":531,"column":20},"end":{"line":531,"column":49}},"type":"binary-expr","locations":[{"start":{"line":531,"column":20},"end":{"line":531,"column":37}},{"start":{"line":531,"column":41},"end":{"line":531,"column":49}}],"line":531},"42":{"loc":{"start":{"line":541,"column":10},"end":{"line":545,"column":11}},"type":"if","locations":[{"start":{"line":541,"column":10},"end":{"line":545,"column":11}},{"start":{"line":543,"column":17},"end":{"line":545,"column":11}}],"line":541},"43":{"loc":{"start":{"line":595,"column":2},"end":{"line":615,"column":3}},"type":"if","locations":[{"start":{"line":595,"column":2},"end":{"line":615,"column":3}},{"start":{"line":604,"column":9},"end":{"line":615,"column":3}}],"line":595},"44":{"loc":{"start":{"line":599,"column":4},"end":{"line":603,"column":5}},"type":"if","locations":[{"start":{"line":599,"column":4},"end":{"line":603,"column":5}},{"start":{"line":601,"column":11},"end":{"line":603,"column":5}}],"line":599},"45":{"loc":{"start":{"line":601,"column":11},"end":{"line":603,"column":5}},"type":"if","locations":[{"start":{"line":601,"column":11},"end":{"line":603,"column":5}},{"start":{},"end":{}}],"line":601},"46":{"loc":{"start":{"line":604,"column":9},"end":{"line":615,"column":3}},"type":"if","locations":[{"start":{"line":604,"column":9},"end":{"line":615,"column":3}},{"start":{},"end":{}}],"line":604},"47":{"loc":{"start":{"line":610,"column":4},"end":{"line":614,"column":5}},"type":"if","locations":[{"start":{"line":610,"column":4},"end":{"line":614,"column":5}},{"start":{"line":612,"column":11},"end":{"line":614,"column":5}}],"line":610},"48":{"loc":{"start":{"line":612,"column":11},"end":{"line":614,"column":5}},"type":"if","locations":[{"start":{"line":612,"column":11},"end":{"line":614,"column":5}},{"start":{},"end":{}}],"line":612}},"s":{"0":1,"1":1,"2":1,"3":1,"4":1,"5":1,"6":1,"7":1,"8":1,"9":1,"10":1,"11":1,"12":1,"13":1,"14":1,"15":1,"16":1,"17":1,"18":1,"19":1,"20":1,"21":1,"22":1,"23":16,"24":16,"25":16,"26":16,"27":16,"28":16,"29":16,"30":16,"31":16,"32":9,"33":6,"34":6,"35":6,"36":6,"37":6,"38":6,"39":6,"40":6,"41":6,"42":6,"43":6,"44":6,"45":5,"46":5,"47":4,"48":1,"49":1,"50":4,"51":1,"52":1,"53":1,"54":1,"55":5,"56":5,"57":6,"58":4,"59":2,"60":5,"61":2,"62":2,"63":2,"64":5,"65":5,"66":5,"67":5,"68":3,"69":3,"70":3,"71":3,"72":3,"73":3,"74":3,"75":3,"76":3,"77":3,"78":3,"79":3,"80":3,"81":2,"82":2,"83":2,"84":1,"85":1,"86":2,"87":1,"88":1,"89":1,"90":1,"91":3,"92":3,"93":4,"94":3,"95":1,"96":3,"97":1,"98":1,"99":1,"100":3,"101":3,"102":3,"103":3,"104":7,"105":7,"106":4,"107":4,"108":4,"109":4,"110":4,"111":4,"112":4,"113":4,"114":4,"115":4,"116":4,"117":4,"118":4,"119":4,"120":3,"121":3,"122":4,"123":3,"124":3,"125":1,"126":3,"127":1,"128":1,"129":1,"130":1,"131":1,"132":1,"133":4,"134":4,"135":5,"136":3,"137":2,"138":4,"139":2,"140":2,"141":2,"142":4,"143":4,"144":4,"145":4,"146":3,"147":3,"148":3,"149":3,"150":3,"151":3,"152":3,"153":3,"154":3,"155":3,"156":3,"157":3,"158":3,"159":3,"160":3,"161":1,"162":1,"163":1,"164":1,"165":1,"166":2,"167":2,"168":2,"169":2,"170":2,"171":2,"172":3,"173":3,"174":3,"175":3,"176":0,"177":3,"178":0,"179":0,"180":0,"181":3,"182":3,"183":3,"184":3,"185":1,"186":1,"187":1,"188":0,"189":0,"190":0,"191":0,"192":0,"193":0,"194":0,"195":0,"196":0,"197":0,"198":0,"199":0,"200":0,"201":0,"202":0,"203":0,"204":0,"205":0,"206":0,"207":0,"208":0,"209":1},"f":{"0":16,"1":6,"2":6,"3":3,"4":3,"5":4,"6":4,"7":4,"8":1,"9":3,"10":3,"11":1,"12":2,"13":0},"b":{"0":[9,7],"1":[6,3],"2":[5,1],"3":[5,0],"4":[5,0],"5":[1,3],"6":[1,0],"7":[1,0],"8":[1,0],"9":[1,0],"10":[1,0],"11":[4,2],"12":[3,0],"13":[2,1],"14":[2,0],"15":[2,0],"16":[1,1],"17":[1,0],"18":[1,0],"19":[1,0],"20":[1,0],"21":[1,0],"22":[3,1],"23":[7,0],"24":[4,3],"25":[3,1],"26":[3,0],"27":[3,0],"28":[1,2],"29":[1,0],"30":[1,0],"31":[1,0],"32":[1,0],"33":[1,0],"34":[3,2],"35":[3,0],"36":[1,2],"37":[1,0],"38":[1,0],"39":[2,0],"40":[2,0],"41":[2,0],"42":[3,0],"43":[0,0],"44":[0,0],"45":[0,0],"46":[0,0],"47":[0,0],"48":[0,0]},"_coverageSchema":"1a1c01bbd47fc00a2c39e90264f33305004495a9","hash":"1f01ed922f32f9fea9da5c8990a79329bda77851"}
,"/Users/vichi/Documents/workspace/realto-api-server/services/match.service.js": {"path":"/Users/vichi/Documents/workspace/realto-api-server/services/match.service.js","statementMap":{"0":{"start":{"line":2,"column":31},"end":{"line":2,"column":74}},"1":{"start":{"line":3,"column":31},"end":{"line":3,"column":74}},"2":{"start":{"line":5,"column":35},"end":{"line":5,"column":88}},"3":{"start":{"line":6,"column":35},"end":{"line":6,"column":88}},"4":{"start":{"line":8,"column":36},"end":{"line":8,"column":90}},"5":{"start":{"line":9,"column":36},"end":{"line":9,"column":90}},"6":{"start":{"line":11,"column":32},"end":{"line":11,"column":76}},"7":{"start":{"line":12,"column":32},"end":{"line":12,"column":76}},"8":{"start":{"line":13,"column":37},"end":{"line":13,"column":92}},"9":{"start":{"line":14,"column":39},"end":{"line":14,"column":93}},"10":{"start":{"line":16,"column":37},"end":{"line":16,"column":92}},"11":{"start":{"line":18,"column":36},"end":{"line":18,"column":90}},"12":{"start":{"line":19,"column":36},"end":{"line":19,"column":90}},"13":{"start":{"line":21,"column":40},"end":{"line":21,"column":92}},"14":{"start":{"line":22,"column":39},"end":{"line":22,"column":90}},"15":{"start":{"line":23,"column":39},"end":{"line":23,"column":90}},"16":{"start":{"line":24,"column":38},"end":{"line":24,"column":88}},"17":{"start":{"line":26,"column":15},"end":{"line":26,"column":41}},"18":{"start":{"line":30,"column":4},"end":{"line":30,"column":32}},"19":{"start":{"line":40,"column":46},"end":{"line":104,"column":1}},"20":{"start":{"line":41,"column":2},"end":{"line":103,"column":3}},"21":{"start":{"line":42,"column":28},"end":{"line":42,"column":76}},"22":{"start":{"line":43,"column":24},"end":{"line":43,"column":51}},"23":{"start":{"line":44,"column":22},"end":{"line":44,"column":49}},"24":{"start":{"line":47,"column":28},"end":{"line":47,"column":114}},"25":{"start":{"line":49,"column":4},"end":{"line":51,"column":5}},"26":{"start":{"line":50,"column":6},"end":{"line":50,"column":52}},"27":{"start":{"line":54,"column":35},"end":{"line":54,"column":75}},"28":{"start":{"line":55,"column":39},"end":{"line":55,"column":41}},"29":{"start":{"line":56,"column":4},"end":{"line":58,"column":5}},"30":{"start":{"line":57,"column":6},"end":{"line":57,"column":111}},"31":{"start":{"line":61,"column":38},"end":{"line":61,"column":79}},"32":{"start":{"line":62,"column":42},"end":{"line":62,"column":44}},"33":{"start":{"line":63,"column":4},"end":{"line":65,"column":5}},"34":{"start":{"line":64,"column":6},"end":{"line":64,"column":120}},"35":{"start":{"line":68,"column":35},"end":{"line":68,"column":113}},"36":{"start":{"line":68,"column":92},"end":{"line":68,"column":112}},"37":{"start":{"line":71,"column":43},"end":{"line":71,"column":149}},"38":{"start":{"line":74,"column":4},"end":{"line":78,"column":5}},"39":{"start":{"line":75,"column":32},"end":{"line":75,"column":69}},"40":{"start":{"line":76,"column":32},"end":{"line":76,"column":77}},"41":{"start":{"line":77,"column":6},"end":{"line":77,"column":71}},"42":{"start":{"line":79,"column":39},"end":{"line":79,"column":74}},"43":{"start":{"line":82,"column":36},"end":{"line":82,"column":115}},"44":{"start":{"line":82,"column":94},"end":{"line":82,"column":114}},"45":{"start":{"line":85,"column":44},"end":{"line":85,"column":151}},"46":{"start":{"line":87,"column":4},"end":{"line":91,"column":5}},"47":{"start":{"line":88,"column":32},"end":{"line":88,"column":69}},"48":{"start":{"line":89,"column":32},"end":{"line":89,"column":80}},"49":{"start":{"line":90,"column":6},"end":{"line":90,"column":71}},"50":{"start":{"line":93,"column":40},"end":{"line":93,"column":76}},"51":{"start":{"line":94,"column":4},"end":{"line":94,"column":89}},"52":{"start":{"line":96,"column":4},"end":{"line":99,"column":6}},"53":{"start":{"line":101,"column":4},"end":{"line":101,"column":23}},"54":{"start":{"line":102,"column":4},"end":{"line":102,"column":60}},"55":{"start":{"line":105,"column":46},"end":{"line":170,"column":1}},"56":{"start":{"line":106,"column":2},"end":{"line":168,"column":3}},"57":{"start":{"line":107,"column":28},"end":{"line":107,"column":76}},"58":{"start":{"line":108,"column":24},"end":{"line":108,"column":51}},"59":{"start":{"line":109,"column":22},"end":{"line":109,"column":49}},"60":{"start":{"line":112,"column":29},"end":{"line":112,"column":115}},"61":{"start":{"line":114,"column":4},"end":{"line":116,"column":5}},"62":{"start":{"line":115,"column":6},"end":{"line":115,"column":52}},"63":{"start":{"line":119,"column":36},"end":{"line":119,"column":77}},"64":{"start":{"line":120,"column":40},"end":{"line":120,"column":42}},"65":{"start":{"line":121,"column":4},"end":{"line":123,"column":5}},"66":{"start":{"line":122,"column":6},"end":{"line":122,"column":116}},"67":{"start":{"line":125,"column":37},"end":{"line":125,"column":79}},"68":{"start":{"line":126,"column":41},"end":{"line":126,"column":43}},"69":{"start":{"line":127,"column":4},"end":{"line":129,"column":5}},"70":{"start":{"line":128,"column":6},"end":{"line":128,"column":119}},"71":{"start":{"line":132,"column":35},"end":{"line":132,"column":114}},"72":{"start":{"line":132,"column":93},"end":{"line":132,"column":113}},"73":{"start":{"line":135,"column":43},"end":{"line":135,"column":141}},"74":{"start":{"line":137,"column":4},"end":{"line":141,"column":5}},"75":{"start":{"line":138,"column":32},"end":{"line":138,"column":69}},"76":{"start":{"line":139,"column":32},"end":{"line":139,"column":78}},"77":{"start":{"line":140,"column":6},"end":{"line":140,"column":71}},"78":{"start":{"line":142,"column":39},"end":{"line":142,"column":74}},"79":{"start":{"line":145,"column":36},"end":{"line":145,"column":116}},"80":{"start":{"line":145,"column":95},"end":{"line":145,"column":115}},"81":{"start":{"line":148,"column":44},"end":{"line":148,"column":143}},"82":{"start":{"line":150,"column":4},"end":{"line":154,"column":5}},"83":{"start":{"line":151,"column":32},"end":{"line":151,"column":69}},"84":{"start":{"line":152,"column":32},"end":{"line":152,"column":79}},"85":{"start":{"line":153,"column":6},"end":{"line":153,"column":71}},"86":{"start":{"line":155,"column":38},"end":{"line":155,"column":74}},"87":{"start":{"line":157,"column":4},"end":{"line":157,"column":116}},"88":{"start":{"line":161,"column":4},"end":{"line":164,"column":6}},"89":{"start":{"line":166,"column":4},"end":{"line":166,"column":23}},"90":{"start":{"line":167,"column":4},"end":{"line":167,"column":60}},"91":{"start":{"line":172,"column":42},"end":{"line":235,"column":1}},"92":{"start":{"line":173,"column":2},"end":{"line":233,"column":3}},"93":{"start":{"line":174,"column":28},"end":{"line":174,"column":76}},"94":{"start":{"line":175,"column":24},"e
[...]
ne":21,"column":4},"end":{"line":21,"column":80}},"16":{"start":{"line":22,"column":28},"end":{"line":22,"column":64}},"17":{"start":{"line":24,"column":16},"end":{"line":24,"column":58}},"18":{"start":{"line":25,"column":26},"end":{"line":25,"column":46}},"19":{"start":{"line":27,"column":4},"end":{"line":27,"column":49}},"20":{"start":{"line":28,"column":4},"end":{"line":30,"column":5}},"21":{"start":{"line":29,"column":8},"end":{"line":29,"column":57}},"22":{"start":{"line":33,"column":4},"end":{"line":33,"column":36}},"23":{"start":{"line":34,"column":18},"end":{"line":34,"column":102}},"24":{"start":{"line":35,"column":4},"end":{"line":51,"column":5}},"25":{"start":{"line":36,"column":8},"end":{"line":50,"column":11}},"26":{"start":{"line":37,"column":12},"end":{"line":37,"column":38}},"27":{"start":{"line":38,"column":25},"end":{"line":38,"column":36}},"28":{"start":{"line":39,"column":29},"end":{"line":39,"column":73}},"29":{"start":{"line":40,"column":25},"end":{"line":40,"column":49}},"30":{"start":{"line":41,"column":12},"end":{"line":41,"column":69}},"31":{"start":{"line":42,"column":12},"end":{"line":49,"column":19}},"32":{"start":{"line":44,"column":20},"end":{"line":48,"column":21}},"33":{"start":{"line":45,"column":24},"end":{"line":45,"column":53}},"34":{"start":{"line":47,"column":24},"end":{"line":47,"column":51}},"35":{"start":{"line":53,"column":25},"end":{"line":53,"column":71}},"36":{"start":{"line":54,"column":22},"end":{"line":54,"column":43}},"37":{"start":{"line":55,"column":23},"end":{"line":55,"column":33}},"38":{"start":{"line":57,"column":32},"end":{"line":103,"column":5}},"39":{"start":{"line":105,"column":4},"end":{"line":131,"column":5}},"40":{"start":{"line":106,"column":8},"end":{"line":129,"column":9}},"41":{"start":{"line":107,"column":12},"end":{"line":113,"column":14}},"42":{"start":{"line":115,"column":34},"end":{"line":115,"column":91}},"43":{"start":{"line":116,"column":12},"end":{"line":116,"column":83}},"44":{"start":{"line":118,"column":15},"end":{"line":129,"column":9}},"45":{"start":{"line":119,"column":12},"end":{"line":124,"column":14}},"46":{"start":{"line":126,"column":34},"end":{"line":126,"column":91}},"47":{"start":{"line":127,"column":12},"end":{"line":127,"column":83}},"48":{"start":{"line":130,"column":8},"end":{"line":130,"column":51}},"49":{"start":{"line":136,"column":39},"end":{"line":173,"column":1}},"50":{"start":{"line":137,"column":4},"end":{"line":172,"column":5}},"51":{"start":{"line":138,"column":29},"end":{"line":138,"column":145}},"52":{"start":{"line":139,"column":25},"end":{"line":139,"column":46}},"53":{"start":{"line":140,"column":26},"end":{"line":140,"column":50}},"54":{"start":{"line":141,"column":8},"end":{"line":168,"column":9}},"55":{"start":{"line":143,"column":48},"end":{"line":143,"column":120}},"56":{"start":{"line":144,"column":48},"end":{"line":144,"column":120}},"57":{"start":{"line":147,"column":34},"end":{"line":147,"column":98}},"58":{"start":{"line":150,"column":12},"end":{"line":150,"column":102}},"59":{"start":{"line":150,"column":41},"end":{"line":150,"column":100}},"60":{"start":{"line":152,"column":12},"end":{"line":152,"column":55}},"61":{"start":{"line":153,"column":12},"end":{"line":153,"column":33}},"62":{"start":{"line":155,"column":15},"end":{"line":168,"column":9}},"63":{"start":{"line":156,"column":27},"end":{"line":156,"column":78}},"64":{"start":{"line":157,"column":47},"end":{"line":157,"column":90}},"65":{"start":{"line":158,"column":47},"end":{"line":158,"column":90}},"66":{"start":{"line":159,"column":48},"end":{"line":159,"column":150}},"67":{"start":{"line":160,"column":48},"end":{"line":160,"column":150}},"68":{"start":{"line":162,"column":34},"end":{"line":162,"column":98}},"69":{"start":{"line":164,"column":12},"end":{"line":164,"column":102}},"70":{"start":{"line":164,"column":41},"end":{"line":164,"column":100}},"71":{"start":{"line":165,"column":12},"end":{"line":165,"column":55}},"72":{"start":{"line":166,"column":12},"end":{"line":166,"column":33}},"73":{"start":{"line":170,"column":8},"end":{"line":170,"column":27}},"74":{"start":{"line":171,"column":8},"end":{"line":171,"column":39}},"75":{"start":{"line":175,"column":34},"end":{"line":219,"column":1}},"76":{"start":{"line":176,"column":20},"end":{"line":176,"column":116}},"77":{"start":{"line":177,"column":4},"end":{"line":177,"column":41}},"78":{"start":{"line":178,"column":22},"end":{"line":178,"column":41}},"79":{"start":{"line":179,"column":25},"end":{"line":179,"column":45}},"80":{"start":{"line":180,"column":23},"end":{"line":180,"column":47}},"81":{"start":{"line":181,"column":28},"end":{"line":181,"column":49}},"82":{"start":{"line":185,"column":17},"end":{"line":185,"column":68}},"83":{"start":{"line":186,"column":4},"end":{"line":192,"column":5}},"84":{"start":{"line":188,"column":8},"end":{"line":191,"column":9}},"85":{"start":{"line":189,"column":12},"end":{"line":189,"column":90}},"86":{"start":{"line":190,"column":12},"end":{"line":190,"column":41}},"87":{"start":{"line":194,"column":4},"end":{"line":217,"column":5}},"88":{"start":{"line":197,"column":8},"end":{"line":213,"column":9}},"89":{"start":{"line":199,"column":12},"end":{"line":207,"column":13}},"90":{"start":{"line":200,"column":16},"end":{"line":200,"column":85}},"91":{"start":{"line":202,"column":16},"end":{"line":202,"column":91}},"92":{"start":{"line":203,"column":19},"end":{"line":207,"column":13}},"93":{"start":{"line":204,"column":16},"end":{"line":204,"column":85}},"94":{"start":{"line":206,"column":16},"end":{"line":206,"column":93}},"95":{"start":{"line":208,"column":12},"end":{"line":208,"column":57}},"96":{"start":{"line":209,"column":12},"end":{"line":209,"column":29}},"97":{"start":{"line":211,"column":12},"end":{"line":211,"column":60}},"98":{"start":{"line":212,"column":12},"end":{"line":212,"column":43}},"99":{"start":{"line":215,"column":8},"end":{"line":215,"column":43}},"100":{"start":{"line":216,"column":8},"end":{"line":216,"column":37}},"101":{"start":{"line":220,"column":33},"end":{"line":295,"column":1}},"102":{"start":{"line":221,"column":20},"end":{"line":221,"column":112}},"103":{"start":{"line":222,"column":4},"end":{"line":222,"column":41}},"104":{"start":{"line":223,"column":22},"end":{"line":223,"column":41}},"105":{"start":{"line":224,"column":24},"end":{"line":224,"column":43}},"106":{"start":{"line":225,"column":23},"end":{"line":225,"column":46}},"107":{"start":{"line":226,"column":28},"end":{"line":226,"column":48}},"108":{"start":{"line":227,"column":26},"end":{"line":227,"column":53}},"109":{"start":{"line":228,"column":19},"end":{"line":228,"column":20}},"110":{"start":{"line":229,"column":4},"end":{"line":233,"column":5}},"111":{"start":{"line":230,"column":8},"end":{"line":230,"column":21}},"112":{"start":{"line":232,"column":8},"end":{"line":232,"column":21}},"113":{"start":{"line":237,"column":17},"end":{"line":237,"column":68}},"114":{"start":{"line":238,"column":4},"end":{"line":244,"column":5}},"115":{"start":{"line":240,"column":8},"end":{"line":243,"column":9}},"116":{"start":{"line":241,"column":12},"end":{"line":241,"column":90}},"117":{"start":{"line":242,"column":12},"end":{"line":242,"column":41}},"118":{"start":{"line":246,"column":4},"end":{"line":293,"column":5}},"119":{"start":{"line":249,"column":8},"end":{"line":289,"column":9}},"120":{"start":{"line":251,"column":12},"end":{"line":283,"column":13}},"121":{"start":{"line":252,"column":31},"end":{"line":263,"column":17}},"122":{"start":{"line":264,"column":16},"end":{"line":264,"column":54}},"123":{"start":{"line":267,"column":19},"end":{"line":283,"column":13}},"124":{"start":{"line":268,"column":31},"end":{"line":279,"column":17}},"125":{"start":{"line":280,"column":16},"end":{"line":280,"column":54}},"126":{"start":{"line":284,"column":12},"end":{"line":284,"column":56}},"127":{"start":{"line":285,"column":12},"end":{"line":285,"column":29}},"128":{"start":{"line":287,"column":12},"end":{"line":287,"column":59}},"129":{"start":{"line":288,"column":12},"end":{"line":288,"column":43}},"130":{"start":{"line":291,"column":8},"end":{"line":291,"column":43}},"131":{"start":{"line":292,"column":8},"end":{"line":292,"column":37}},"132":{"start":{"line":297,"column":0},"end":{"line":302,"column":2}}},"fnMap":{"0":{"name":"(anonymous_0)","decl":{"start":{"line":16,"column":38},"end":{"line":16,"column":39}},"loc":{"start":{"line":16,"column":70},"end":{"line":134,"column":1}},"line":16},"1":{"name":"(anonymous_1)","decl":{"start":{"line":36,"column":35},"end":{"line":36,"column":36}},"loc":{"start":{"line":36,"column":52},"end":{"line":50,"column":9}},"line":36},"2":{"name":"(anonymous_2)","decl":{"start":{"line":43,"column":30},"end":{"line":43,"column":31}},"loc":{"start":{"line":43,"column":45},"end":{"line":49,"column":17}},"line":43},"3":{"name":"(anonymous_3)","decl":{"start":{"line":136,"column":39},"end":{"line":136,"column":40}},"loc":{"start":{"line":136,"column":68},"end":{"line":173,"column":1}},"line":136},"4":{"name":"(anonymous_4)","decl":{"start":{"line":150,"column":31},"end":{"line":150,"column":32}},"loc":{"start":{"line":150,"column":41},"end":{"line":150,"column":100}},"line":150},"5":{"name":"(anonymous_5)","decl":{"start":{"line":164,"column":31},"end":{"line":164,"column":32}},"loc":{"start":{"line":164,"column":41},"end":{"line":164,"column":100}},"line":164},"6":{"name":"(anonymous_6)","decl":{"start":{"line":175,"column":34},"end":{"line":175,"column":35}},"loc":{"start":{"line":175,"column":58},"end":{"line":219,"column":1}},"line":175},"7":{"name":"(anonymous_7)","decl":{"start":{"line":220,"column":33},"end":{"line":220,"column":34}},"loc":{"start":{"line":220,"column":56},"end":{"line":295,"column":1}},"line":220}},"branchMap":{"0":{"loc":{"start":{"line":17,"column":20},"end":{"line":17,"column":120}},"type":"cond-expr","locations":[{"start":{"line":17,"column":72},"end":{"line":17,"column":97}},{"start":{"line":17,"column":100},"end":{"line":17,"column":120}}],"line":17},"1":{"loc":{"start":{"line":17,"column":20},"end":{"line":17,"column":69}},"type":"binary-expr","locations":[{"start":{"line":17,"column":20},"end":{"line":17,"column":40}},{"start":{"line":17,"column":44},"end":{"line":17,"column":69}}],"line":17},"2":{"loc":{"start":{"line":28,"column":4},"end":{"line":30,"column":5}},"type":"if","locations":[{"start":{"line":28,"column":4},"end":{"line":30,"column":5}},{"start":{},"end":{}}],"line":28},"3":{"loc":{"start":{"line":34,"column":18},"end":{"line":34,"column":102}},"type":"cond-expr","locations":[{"start":{"line":34,"column":71},"end":{"line":34,"column":97}},{"start":{"line":34,"column":100},"end":{"line":34,"column":102}}],"line":34},"4":{"loc":{"start":{"line":34,"column":18},"end":{"line":34,"column":68}},"type":"binary-expr","locations":[{"start":{"line":34,"column":18},"end":{"line":34,"column":38}},{"start":{"line":34,"column":42},"end":{"line":34,"column":68}}],"line":34},"5":{"loc":{"start":{"line":35,"column":4},"end":{"line":51,"column":5}},"type":"if","locations":[{"start":{"line":35,"column":4},"end":{"line":51,"column":5}},{"start":{},"end":{}}],"line":35},"6":{"loc":{"start":{"line":35,"column":8},"end":{"line":35,"column":46}},"type":"binary-expr","locations":[{"start":{"line":35,"column":8},"end":{"line":35,"column":13}},{"start":{"line":35,"column":17},"end":{"line":35,"column":46}}],"line":35},"7":{"loc":{"start":{"line":44,"column":20},"end":{"line":48,"column":21}},"type":"if","locations":[{"start":{"line":44,"column":20},"end":{"line":48,"column":21}},{"start":{"line":46,"column":27},"end":{"line":48,"column":21}}],"line":44},"8":{"loc":{"start":{"line":105,"column":4},"end":{"line":131,"column":5}},"type":"if","locations":[{"start":{"line":105,"column":4},"end":{"line":131,"column":5}},{"start":{},"end":{}}],"line":105},"9":{"loc":{"start":{"line":106,"column":8},"end":{"line":129,"column":9}},"type":"if","locations":[{"start":{"line":106,"column":8},"end":{"line":129,"column":9}},{"start":{"line":118,"column":15},"end":{"line":129,"column":9}}],"line":106},"10":{"loc":{"start":{"line":118,"column":15},"end":{"line":129,"column":9}},"type":"if","locations":[{"start":{"line":118,"column":15},"end":{"line":129,"column":9}},{"start":{},"end":{}}],"line":118},"11":{"loc":{"start":{"line":138,"column":55},"end":{"line":138,"column":143}},"type":"cond-expr","locations":[{"start":{"line":138,"column":101},"end":{"line":138,"column":123}},{"start":{"line":138,"column":126},"end":{"line":138,"column":143}}],"line":138},"12":{"loc":{"start":{"line":138,"column":55},"end":{"line":138,"column":98}},"type":"binary-expr","locations":[{"start":{"line":138,"column":55},"end":{"line":138,"column":72}},{"start":{"line":138,"column":76},"end":{"line":138,"column":98}}],"line":138},"13":{"loc":{"start":{"line":141,"column":8},"end":{"line":168,"column":9}},"type":"if","locations":[{"start":{"line":141,"column":8},"end":{"line":168,"column":9}},{"start":{"line":155,"column":15},"end":{"line":168,"column":9}}],"line":141},"14":{"loc":{"start":{"line":155,"column":15},"end":{"line":168,"column":9}},"type":"if","locations":[{"start":{"line":155,"column":15},"end":{"line":168,"column":9}},{"start":{},"end":{}}],"line":155},"15":{"loc":{"start":{"line":176,"column":46},"end":{"line":176,"column":114}},"type":"cond-expr","locations":[{"start":{"line":176,"column":82},"end":{"line":176,"column":99}},{"start":{"line":176,"column":102},"end":{"line":176,"column":114}}],"line":176},"16":{"loc":{"start":{"line":176,"column":46},"end":{"line":176,"column":79}},"type":"binary-expr","locations":[{"start":{"line":176,"column":46},"end":{"line":176,"column":58}},{"start":{"line":176,"column":62},"end":{"line":176,"column":79}}],"line":176},"17":{"loc":{"start":{"line":186,"column":4},"end":{"line":192,"column":5}},"type":"if","locations":[{"start":{"line":186,"column":4},"end":{"line":192,"column":5}},{"start":{},"end":{}}],"line":186},"18":{"loc":{"start":{"line":188,"column":8},"end":{"line":191,"column":9}},"type":"if","locations":[{"start":{"line":188,"column":8},"end":{"line":191,"column":9}},{"start":{},"end":{}}],"line":188},"19":{"loc":{"start":{"line":194,"column":4},"end":{"line":217,"column":5}},"type":"if","locations":[{"start":{"line":194,"column":4},"end":{"line":217,"column":5}},{"start":{"line":214,"column":11},"end":{"line":217,"column":5}}],"line":194},"20":{"loc":{"start":{"line":194,"column":8},"end":{"line":195,"column":76}},"type":"binary-expr","locations":[{"start":{"line":194,"column":9},"end":{"line":194,"column":35}},{"start":{"line":194,"column":39},"end":{"line":194,"column":68}},{"start":{"line":195,"column":12},"end":{"line":195,"column":41}},{"start":{"line":195,"column":45},"end":{"line":195,"column":75}}],"line":194},"21":{"loc":{"start":{"line":199,"column":12},"end":{"line":207,"column":13}},"type":"if","locations":[{"start":{"line":199,"column":12},"end":{"line":207,"column":13}},{"start":{"line":203,"column":19},"end":{"line":207,"column":13}}],"line":199},"22":{"loc":{"start":{"line":199,"column":16},"end":{"line":199,"column":100}},"type":"binary-expr","locations":[{"start":{"line":199,"column":16},"end":{"line":199,"column":60}},{"start":{"line":199,"column":64},"end":{"line":199,"column":100}}],"line":199},"23":{"loc":{"start":{"line":203,"column":19},"end":{"line":207,"column":13}},"type":"if","locations":[{"start":{"line":203,"column":19},"end":{"line":207,"column":13}},{"start":{},"end":{}}],"line":203},"24":{"loc":{"start":{"line":203,"column":23},"end":{"line":203,"column":107}},"type":"binary-expr","locations":[{"start":{"line":203,"column":23},"end":{"line":203,"column":67}},{"start":{"line":203,"column":71},"end":{"line":203,"column":107}}],"line":203},"25":{"loc":{"start":{"line":221,"column":46},"end":{"line":221,"column":110}},"type":"cond-expr","locations":[{"start":{"line":221,"column":80},"end":{"line":221,"column":96}},{"start":{"line":221,"column":99},"end":{"line":221,"column":110}}],"line":221},"26":{"loc":{"start":{"line":221,"column":46},"end":{"line":221,"column":77}},"type":"binary-expr","locations":[{"start":{"line":221,"column":46},"end":{"line":221,"column":57}},{"start":{"line":221,"column":61},"end":{"line":221,"column":77}}],"line":221},"27":{"loc":{"start":{"line":229,"column":4},"end":{"line":233,"column":5}},"type":"if","locations":[{"start":{"line":229,"column":4},"end":{"line":233,"column":5}},{"start":{"line":231,"column":11},"end":{"line":233,"column":5}}],"line":229},"28":{"loc":{"start":{"line":238,"column":4},"end":{"line":244,"column":5}},"type":"if","locations":[{"start":{"line":238,"column":4},"end":{"line":244,"column":5}},{"start":{},"end":{}}],"line":238},"29":{"loc":{"start":{"line":240,"column":8},"end":{"line":243,"column":9}},"type":"if","locations":[{"start":{"line":240,"column":8},"end":{"line":243,"column":9}},{"start":{},"end":{}}],"line":240},"30":{"loc":{"start":{"line":246,"column":4},"end":{"line":293,"column":5}},"type":"if","locations":[{"start":{"line":246,"column":4},"end":{"line":293,"column":5}},{"start":{"line":290,"column":11},"end":{"line":293,"column":5}}],"line":246},"31":{"loc":{"start":{"line":246,"column":8},"end":{"line":247,"column":42}},"type":"binary-expr","locations":[{"start":{"line":246,"column":9},"end":{"line":246,"column":35}},{"start":{"line":246,"column":39},"end":{"line":246,"column":68}},{"start":{"line":247,"column":12},"end":{"line":247,"column":41}}],"line":246},"32":{"loc":{"start":{"line":251,"column":12},"end":{"line":283,"column":13}},"type":"if","locations":[{"start":{"line":251,"column":12},"end":{"line":283,"column":13}},{"start":{"line":267,"column":19},"end":{"line":283,"column":13}}],"line":251},"33":{"loc":{"start":{"line":251,"column":16},"end":{"line":251,"column":98}},"type":"binary-expr","locations":[{"start":{"line":251,"column":16},"end":{"line":251,"column":59}},{"start":{"line":251,"column":63},"end":{"line":251,"column":98}}],"line":251},"34":{"loc":{"start":{"line":267,"column":19},"end":{"line":283,"column":13}},"type":"if","locations":[{"start":{"line":267,"column":19},"end":{"line":283,"column":13}},{"start":{},"end":{}}],"line":267},"35":{"loc":{"start":{"line":267,"column":23},"end":{"line":267,"column":105}},"type":"binary-expr","locations":[{"start":{"line":267,"column":23},"end":{"line":267,"column":66}},{"start":{"line":267,"column":70},"end":{"line":267,"column":105}}],"line":267}},"s":{"0":1,"1":1,"2":1,"3":1,"4":1,"5":1,"6":1,"7":1,"8":1,"9":1,"10":1,"11":3,"12":3,"13":3,"14":3,"15":3,"16":3,"17":3,"18":3,"19":3,"20":3,"21":2,"22":3,"23":3,"24":3,"25":1,"26":1,"27":1,"28":1,"29":1,"30":1,"31":1,"32":1,"33":0,"34":1,"35":3,"36":3,"37":3,"38":3,"39":3,"40":3,"41":2,"42":2,"43":2,"44":1,"45":1,"46":1,"47":1,"48":3,"49":1,"50":3,"51":3,"52":3,"53":3,"54":3,"55":2,"56":1,"57":1,"58":1,"59":1,"60":1,"61":1,"62":1,"63":1,"64":1,"65":1,"66":1,"67":1,"68":1,"69":1,"70":1,"71":1,"72":1,"73":1,"74":1,"75":1,"76":6,"77":6,"78":6,"79":6,"80":6,"81":6,"82":6,"83":6,"84":6,"85":1,"86":1,"87":5,"88":4,"89":4,"90":3,"91":2,"92":1,"93":1,"94":1,"95":3,"96":3,"97":1,"98":1,"99":1,"100":1,"101":1,"102":5,"103":5,"104":5,"105":5,"106":5,"107":5,"108":5,"109":5,"110":5,"111":4,"112":1,"113":5,"114":5,"115":5,"116":1,"117":1,"118":4,"119":4,"120":4,"121":3,"122":2,"123":1,"124":1,"125":1,"126":3,"127":3,"128":1,"129":1,"130":0,"131":0,"132":1},"f":{"0":3,"1":1,"2":1,"3":3,"4":1,"5":1,"6":6,"7":5},"b":{"0":[2,1],"1":[3,3],"2":[2,1],"3":[2,1],"4":[3,3],"5":[1,2],"6":[3,3],"7":[0,1],"8":[3,0],"9":[2,1],"10":[1,0],"11":[0,3],"12":[3,3],"13":[2,1],"14":[1,0],"15":[0,6],"16":[6,6],"17":[6,0],"18":[1,5],"19":[4,1],"20":[5,3,2,2],"21":[3,1],"22":[4,4],"23":[1,0],"24":[1,1],"25":[0,5],"26":[5,5],"27":[4,1],"28":[5,0],"29":[1,4],"30":[4,0],"31":[4,3,1],"32":[3,1],"33":[4,4],"34":[1,0],"35":[1,1]},"_coverageSchema":"1a1c01bbd47fc00a2c39e90264f33305004495a9","hash":"ce7a9c13cd44b0a6c2842b0be9b8269d84836c7d"}
}
