TN:
SF:services/analytics.service.js
FN:18,(anonymous_0)
FNF:1
FNH:1
FNDA:8,(anonymous_0)
DA:2,3
DA:3,3
DA:5,3
DA:6,3
DA:7,3
DA:9,3
DA:10,3
DA:11,3
DA:12,3
DA:14,3
DA:18,3
DA:19,8
DA:20,8
DA:24,8
DA:25,8
DA:27,8
DA:28,8
DA:29,8
DA:30,8
DA:31,8
DA:32,8
DA:33,8
DA:34,8
DA:36,8
DA:39,5
DA:40,5
DA:41,5
DA:42,5
DA:44,5
DA:45,5
DA:46,5
DA:47,5
DA:51,3
DA:54,3
DA:55,3
DA:56,3
DA:57,3
DA:58,3
DA:60,3
DA:61,3
DA:62,3
DA:63,3
DA:66,8
DA:77,8
DA:82,3
LF:45
LH:45
BRDA:36,0,0,5
BRDA:36,0,1,3
BRDA:51,1,0,3
BRDA:51,1,1,0
BRF:4
BRH:3
end_of_record
TN:
SF:services/employee.service.js
FN:17,(anonymous_0)
FN:62,(anonymous_1)
FN:121,(anonymous_2)
FN:225,(anonymous_3)
FN:242,(anonymous_4)
FN:255,(anonymous_5)
FN:267,(anonymous_6)
FN:284,(anonymous_7)
FN:299,(anonymous_8)
FN:300,(anonymous_9)
FN:320,(anonymous_10)
FN:325,(anonymous_11)
FN:341,(anonymous_12)
FN:426,(anonymous_13)
FN:502,(anonymous_14)
FNF:15
FNH:8
FNDA:5,(anonymous_0)
FNDA:4,(anonymous_1)
FNDA:0,(anonymous_2)
FNDA:2,(anonymous_3)
FNDA:2,(anonymous_4)
FNDA:3,(anonymous_5)
FNDA:0,(anonymous_6)
FNDA:0,(anonymous_7)
FNDA:0,(anonymous_8)
FNDA:0,(anonymous_9)
FNDA:0,(anonymous_10)
FNDA:0,(anonymous_11)
FNDA:6,(anonymous_12)
FNDA:2,(anonymous_13)
FNDA:2,(anonymous_14)
DA:2,3
DA:3,3
DA:5,3
DA:6,3
DA:7,3
DA:9,3
DA:10,3
DA:11,3
DA:12,3
DA:14,3
DA:17,3
DA:18,5
DA:19,5
DA:22,5
DA:23,5
DA:24,4
DA:27,5
DA:28,5
DA:29,1
DA:35,4
DA:36,4
DA:37,4
DA:53,4
DA:54,3
DA:55,3
DA:57,1
DA:58,1
DA:62,3
DA:63,4
DA:64,4
DA:67,4
DA:68,4
DA:69,4
DA:70,4
DA:71,4
DA:72,4
DA:76,4
DA:80,4
DA:81,4
DA:82,1
DA:88,3
DA:100,2
DA:101,1
DA:102,1
DA:107,1
DA:108,1
DA:114,1
DA:115,1
DA:121,3
DA:122,0
DA:123,0
DA:125,0
DA:126,0
DA:127,0
DA:128,0
DA:131,0
DA:133,0
DA:134,0
DA:137,0
DA:138,0
DA:139,0
DA:140,0
DA:142,0
DA:143,0
DA:144,0
DA:145,0
DA:148,0
DA:154,0
DA:160,0
DA:166,0
DA:174,0
DA:180,0
DA:186,0
DA:192,0
DA:199,0
DA:206,0
DA:209,0
DA:210,0
DA:212,0
DA:213,0
DA:216,0
DA:217,0
DA:218,0
DA:219,0
DA:225,3
DA:226,2
DA:227,2
DA:228,2
DA:229,2
DA:230,2
DA:232,2
DA:233,1
DA:234,1
DA:235,1
DA:237,1
DA:238,1
DA:242,3
DA:243,2
DA:244,2
DA:245,2
DA:246,2
DA:247,2
DA:248,1
DA:250,1
DA:251,1
DA:255,3
DA:256,3
DA:257,3
DA:258,3
DA:259,3
DA:260,2
DA:261,2
DA:263,1
DA:264,1
DA:267,3
DA:284,0
DA:285,0
DA:286,0
DA:289,0
DA:291,0
DA:295,0
DA:299,3
DA:300,0
DA:301,0
DA:302,0
DA:303,0
DA:304,0
DA:305,0
DA:307,0
DA:308,0
DA:309,0
DA:311,0
DA:314,0
DA:320,3
DA:322,0
DA:326,0
DA:327,0
DA:330,0
DA:334,0
DA:341,3
DA:342,6
DA:343,6
DA:344,6
DA:345,6
DA:346,6
DA:347,6
DA:348,6
DA:349,6
DA:350,6
DA:351,6
DA:352,6
DA:353,6
DA:354,6
DA:355,6
DA:356,4
DA:357,3
DA:358,1
DA:359,0
DA:360,1
DA:361,0
DA:362,1
DA:363,1
DA:366,4
DA:368,2
DA:369,2
DA:370,0
DA:371,2
DA:372,1
DA:373,1
DA:374,1
DA:375,0
DA:376,0
DA:379,2
DA:382,6
DA:383,4
DA:391,2
DA:392,2
DA:405,5
DA:406,1
DA:409,4
DA:410,4
DA:411,2
DA:412,2
DA:413,2
DA:416,4
DA:417,0
DA:420,4
DA:422,1
DA:423,1
DA:426,3
DA:427,2
DA:428,1
DA:429,1
DA:430,1
DA:437,0
DA:438,0
DA:445,0
DA:446,0
DA:447,0
DA:454,0
DA:455,0
DA:463,1
DA:464,1
DA:465,1
DA:466,0
DA:473,1
DA:474,1
DA:481,0
DA:482,0
DA:483,0
DA:490,0
DA:491,0
DA:500,2
DA:502,3
DA:503,2
DA:504,1
DA:505,0
DA:507,0
DA:513,0
DA:517,0
DA:519,0
DA:525,0
DA:530,1
DA:531,1
DA:533,0
DA:539,0
DA:543,1
DA:545,1
DA:551,1
DA:557,1
DA:558,1
DA:559,0
DA:561,0
DA:567,0
DA:571,0
DA:573,0
DA:579,0
DA:584,1
DA:585,1
DA:587,1
DA:593,1
DA:597,0
DA:599,0
DA:605,0
DA:612,2
DA:615,3
LF:246
LH:153
BRDA:23,0,0,4
BRDA:23,0,1,1
BRDA:28,1,0,1
BRDA:28,1,1,4
BRDA:28,2,0,5
BRDA:28,2,1,5
BRDA:71,3,0,4
BRDA:71,3,1,0
BRDA:81,4,0,1
BRDA:81,4,1,3
BRDA:100,5,0,1
BRDA:100,5,1,1
BRDA:133,6,0,0
BRDA:133,6,1,0
BRDA:285,7,0,0
BRDA:285,7,1,0
BRDA:301,8,0,0
BRDA:301,8,1,0
BRDA:308,9,0,0
BRDA:308,9,1,0
BRDA:326,10,0,0
BRDA:326,10,1,0
BRDA:355,11,0,4
BRDA:355,11,1,2
BRDA:356,12,0,3
BRDA:356,12,1,1
BRDA:356,13,0,4
BRDA:356,13,1,3
BRDA:358,14,0,0
BRDA:358,14,1,1
BRDA:358,15,0,1
BRDA:358,15,1,0
BRDA:360,16,0,0
BRDA:360,16,1,1
BRDA:360,17,0,1
BRDA:360,17,1,1
BRDA:362,18,0,1
BRDA:362,18,1,0
BRDA:362,19,0,1
BRDA:362,19,1,1
BRDA:368,20,0,2
BRDA:368,20,1,0
BRDA:369,21,0,0
BRDA:369,21,1,2
BRDA:369,22,0,2
BRDA:369,22,1,1
BRDA:371,23,0,1
BRDA:371,23,1,1
BRDA:371,24,0,2
BRDA:371,24,1,1
BRDA:373,25,0,1
BRDA:373,25,1,0
BRDA:373,26,0,1
BRDA:373,26,1,1
BRDA:375,27,0,0
BRDA:375,27,1,0
BRDA:375,28,0,0
BRDA:375,28,1,0
BRDA:382,29,0,4
BRDA:382,29,1,2
BRDA:391,30,0,2
BRDA:391,30,1,0
BRDA:405,31,0,1
BRDA:405,31,1,4
BRDA:410,32,0,2
BRDA:410,32,1,2
BRDA:412,33,0,2
BRDA:412,33,1,0
BRDA:416,34,0,0
BRDA:416,34,1,4
BRDA:427,35,0,1
BRDA:427,35,1,1
BRDA:428,36,0,1
BRDA:428,36,1,0
BRDA:429,37,0,1
BRDA:429,37,1,0
BRDA:437,38,0,0
BRDA:437,38,1,0
BRDA:445,39,0,0
BRDA:445,39,1,0
BRDA:446,40,0,0
BRDA:446,40,1,0
BRDA:454,41,0,0
BRDA:454,41,1,0
BRDA:463,42,0,1
BRDA:463,42,1,0
BRDA:464,43,0,1
BRDA:464,43,1,0
BRDA:465,44,0,0
BRDA:465,44,1,1
BRDA:473,45,0,1
BRDA:473,45,1,0
BRDA:481,46,0,0
BRDA:481,46,1,0
BRDA:482,47,0,0
BRDA:482,47,1,0
BRDA:490,48,0,0
BRDA:490,48,1,0
BRDA:503,49,0,1
BRDA:503,49,1,1
BRDA:504,50,0,0
BRDA:504,50,1,1
BRDA:505,51,0,0
BRDA:505,51,1,0
BRDA:517,52,0,0
BRDA:517,52,1,0
BRDA:530,53,0,1
BRDA:530,53,1,0
BRDA:531,54,0,0
BRDA:531,54,1,1
BRDA:543,55,0,1
BRDA:543,55,1,0
BRDA:557,56,0,1
BRDA:557,56,1,0
BRDA:558,57,0,0
BRDA:558,57,1,1
BRDA:559,58,0,0
BRDA:559,58,1,0
BRDA:571,59,0,0
BRDA:571,59,1,0
BRDA:584,60,0,1
BRDA:584,60,1,0
BRDA:585,61,0,1
BRDA:585,61,1,0
BRDA:597,62,0,0
BRDA:597,62,1,0
BRF:126
BRH:63
end_of_record
TN:
SF:services/global.search.service.js
FN:41,(anonymous_0)
FN:54,(anonymous_1)
FN:63,(anonymous_2)
FN:185,(anonymous_3)
FN:194,(anonymous_4)
FN:319,(anonymous_5)
FN:328,(anonymous_6)
FN:357,(anonymous_7)
FN:399,(anonymous_8)
FN:463,(anonymous_9)
FN:472,(anonymous_10)
FN:497,(anonymous_11)
FN:523,(anonymous_12)
FN:587,(anonymous_13)
FNF:14
FNH:13
FNDA:16,(anonymous_0)
FNDA:6,(anonymous_1)
FNDA:6,(anonymous_2)
FNDA:3,(anonymous_3)
FNDA:3,(anonymous_4)
FNDA:4,(anonymous_5)
FNDA:4,(anonymous_6)
FNDA:4,(anonymous_7)
FNDA:1,(anonymous_8)
FNDA:3,(anonymous_9)
FNDA:3,(anonymous_10)
FNDA:1,(anonymous_11)
FNDA:2,(anonymous_12)
FNDA:0,(anonymous_13)
DA:2,3
DA:3,3
DA:5,3
DA:6,3
DA:9,3
DA:10,3
DA:12,3
DA:13,3
DA:15,3
DA:16,3
DA:18,3
DA:19,3
DA:21,3
DA:22,3
DA:24,3
DA:25,3
DA:29,3
DA:30,3
DA:31,3
DA:32,3
DA:34,3
DA:38,3
DA:41,3
DA:42,16
DA:43,16
DA:44,16
DA:45,16
DA:46,16
DA:47,16
DA:48,16
DA:49,16
DA:50,16
DA:51,9
DA:52,6
DA:54,6
DA:56,6
DA:59,6
DA:60,6
DA:63,6
DA:71,6
DA:72,6
DA:73,6
DA:75,6
DA:76,5
DA:102,5
DA:103,4
DA:105,1
DA:117,1
DA:119,4
DA:121,1
DA:122,1
DA:136,1
DA:137,1
DA:142,5
DA:143,5
DA:144,6
DA:145,4
DA:147,2
DA:151,5
DA:152,2
DA:170,2
DA:171,2
DA:174,5
DA:175,5
DA:177,5
DA:178,5
DA:181,3
DA:183,3
DA:185,3
DA:187,3
DA:190,3
DA:191,3
DA:194,3
DA:202,3
DA:203,3
DA:204,3
DA:206,3
DA:209,2
DA:230,2
DA:231,2
DA:233,1
DA:246,1
DA:248,2
DA:250,1
DA:252,1
DA:268,1
DA:269,1
DA:275,3
DA:276,3
DA:277,4
DA:278,3
DA:280,1
DA:284,3
DA:285,1
DA:303,1
DA:304,1
DA:307,3
DA:308,3
DA:310,3
DA:311,3
DA:315,7
DA:316,7
DA:317,4
DA:319,4
DA:321,4
DA:324,4
DA:325,4
DA:328,4
DA:340,4
DA:344,4
DA:345,4
DA:346,4
DA:347,4
DA:349,4
DA:351,3
DA:357,4
DA:359,3
DA:376,3
DA:378,1
DA:389,3
DA:392,1
DA:394,1
DA:399,1
DA:401,1
DA:412,1
DA:421,4
DA:422,4
DA:423,5
DA:424,3
DA:426,2
DA:430,4
DA:431,2
DA:449,2
DA:450,2
DA:454,4
DA:455,4
DA:457,4
DA:458,4
DA:459,3
DA:461,3
DA:463,3
DA:465,3
DA:468,3
DA:469,3
DA:472,3
DA:484,3
DA:487,3
DA:488,3
DA:489,3
DA:490,3
DA:492,3
DA:494,1
DA:497,1
DA:500,1
DA:517,1
DA:519,2
DA:521,2
DA:523,2
DA:525,2
DA:535,2
DA:539,3
DA:540,3
DA:541,3
DA:542,3
DA:544,0
DA:548,3
DA:549,0
DA:567,0
DA:568,0
DA:572,3
DA:573,3
DA:575,3
DA:576,3
DA:582,1
DA:583,1
DA:587,3
DA:588,0
DA:589,0
DA:590,0
DA:591,0
DA:595,0
DA:596,0
DA:599,0
DA:600,0
DA:601,0
DA:602,0
DA:604,0
DA:605,0
DA:610,0
DA:611,0
DA:612,0
DA:613,0
DA:616,0
DA:617,0
DA:618,0
DA:620,0
DA:621,0
DA:626,3
LF:198
LH:173
BRDA:50,0,0,9
BRDA:50,0,1,7
BRDA:51,1,0,6
BRDA:51,1,1,3
BRDA:75,2,0,5
BRDA:75,2,1,1
BRDA:83,3,0,5
BRDA:83,3,1,0
BRDA:84,4,0,5
BRDA:84,4,1,0
BRDA:103,5,0,1
BRDA:103,5,1,3
BRDA:112,6,0,1
BRDA:112,6,1,0
BRDA:113,7,0,1
BRDA:113,7,1,0
BRDA:121,8,0,1
BRDA:121,8,1,0
BRDA:129,9,0,1
BRDA:129,9,1,0
BRDA:130,10,0,1
BRDA:130,10,1,0
BRDA:144,11,0,4
BRDA:144,11,1,2
BRDA:181,12,0,3
BRDA:181,12,1,0
BRDA:206,13,0,2
BRDA:206,13,1,1
BRDA:217,14,0,2
BRDA:217,14,1,0
BRDA:218,15,0,2
BRDA:218,15,1,0
BRDA:231,16,0,1
BRDA:231,16,1,1
BRDA:241,17,0,1
BRDA:241,17,1,0
BRDA:242,18,0,1
BRDA:242,18,1,0
BRDA:250,19,0,1
BRDA:250,19,1,0
BRDA:260,20,0,1
BRDA:260,20,1,0
BRDA:261,21,0,1
BRDA:261,21,1,0
BRDA:277,22,0,3
BRDA:277,22,1,1
BRDA:315,23,0,7
BRDA:315,23,1,0
BRDA:316,24,0,4
BRDA:316,24,1,3
BRDA:349,25,0,3
BRDA:349,25,1,1
BRDA:364,26,0,3
BRDA:364,26,1,0
BRDA:365,27,0,3
BRDA:365,27,1,0
BRDA:376,28,0,1
BRDA:376,28,1,2
BRDA:383,29,0,1
BRDA:383,29,1,0
BRDA:384,30,0,1
BRDA:384,30,1,0
BRDA:392,31,0,1
BRDA:392,31,1,0
BRDA:406,32,0,1
BRDA:406,32,1,0
BRDA:407,33,0,1
BRDA:407,33,1,0
BRDA:423,34,0,3
BRDA:423,34,1,2
BRDA:459,35,0,3
BRDA:459,35,1,0
BRDA:492,36,0,1
BRDA:492,36,1,2
BRDA:505,37,0,1
BRDA:505,37,1,0
BRDA:506,38,0,1
BRDA:506,38,1,0
BRDA:519,39,0,2
BRDA:519,39,1,0
BRDA:530,40,0,2
BRDA:530,40,1,0
BRDA:531,41,0,2
BRDA:531,41,1,0
BRDA:541,42,0,3
BRDA:541,42,1,0
BRDA:595,43,0,0
BRDA:595,43,1,0
BRDA:599,44,0,0
BRDA:599,44,1,0
BRDA:601,45,0,0
BRDA:601,45,1,0
BRDA:604,46,0,0
BRDA:604,46,1,0
BRDA:610,47,0,0
BRDA:610,47,1,0
BRDA:612,48,0,0
BRDA:612,48,1,0
BRF:98
BRH:56
end_of_record
TN:
SF:services/match.service.js
FN:40,(anonymous_0)
FN:68,(anonymous_1)
FN:82,(anonymous_2)
FN:105,(anonymous_3)
FN:132,(anonymous_4)
FN:145,(anonymous_5)
FN:172,(anonymous_6)
FN:199,(anonymous_7)
FN:212,(anonymous_8)
FN:237,(anonymous_9)
FN:265,(anonymous_10)
FN:278,(anonymous_11)
FN:302,(anonymous_12)
FN:328,(anonymous_13)
FN:341,(anonymous_14)
FN:365,(anonymous_15)
FN:391,(anonymous_16)
FN:404,(anonymous_17)
FN:428,(anonymous_18)
FN:456,(anonymous_19)
FN:470,(anonymous_20)
FN:494,(anonymous_21)
FN:521,(anonymous_22)
FN:534,(anonymous_23)
FN:559,(anonymous_24)
FN:572,(anonymous_25)
FN:581,(anonymous_26)
FNF:27
FNH:27
FNDA:3,(anonymous_0)
FNDA:2,(anonymous_1)
FNDA:1,(anonymous_2)
FNDA:2,(anonymous_3)
FNDA:1,(anonymous_4)
FNDA:1,(anonymous_5)
FNDA:2,(anonymous_6)
FNDA:1,(anonymous_7)
FNDA:1,(anonymous_8)
FNDA:1,(anonymous_9)
FNDA:1,(anonymous_10)
FNDA:1,(anonymous_11)
FNDA:2,(anonymous_12)
FNDA:1,(anonymous_13)
FNDA:1,(anonymous_14)
FNDA:1,(anonymous_15)
FNDA:1,(anonymous_16)
FNDA:1,(anonymous_17)
FNDA:2,(anonymous_18)
FNDA:1,(anonymous_19)
FNDA:1,(anonymous_20)
FNDA:1,(anonymous_21)
FNDA:1,(anonymous_22)
FNDA:1,(anonymous_23)
FNDA:3,(anonymous_24)
FNDA:2,(anonymous_25)
FNDA:1,(anonymous_26)
DA:2,3
DA:3,3
DA:5,3
DA:6,3
DA:8,3
DA:9,3
DA:11,3
DA:12,3
DA:13,3
DA:14,3
DA:16,3
DA:18,3
DA:19,3
DA:21,3
DA:22,3
DA:23,3
DA:24,3
DA:26,3
DA:30,3
DA:40,3
DA:41,3
DA:42,3
DA:43,3
DA:44,3
DA:47,3
DA:49,2
DA:50,1
DA:54,1
DA:55,1
DA:56,1
DA:57,2
DA:61,1
DA:62,1
DA:63,1
DA:64,1
DA:68,2
DA:71,1
DA:74,1
DA:75,2
DA:76,2
DA:77,2
DA:79,1
DA:82,1
DA:85,1
DA:87,1
DA:88,1
DA:89,1
DA:90,1
DA:93,1
DA:94,1
DA:96,1
DA:101,1
DA:102,1
DA:105,3
DA:106,2
DA:107,2
DA:108,2
DA:109,2
DA:112,2
DA:114,2
DA:115,1
DA:119,1
DA:120,1
DA:121,1
DA:122,1
DA:125,1
DA:126,1
DA:127,1
DA:128,1
DA:132,1
DA:135,1
DA:137,1
DA:138,1
DA:139,1
DA:140,1
DA:142,1
DA:145,1
DA:148,1
DA:150,1
DA:151,1
DA:152,1
DA:153,1
DA:155,1
DA:157,1
DA:161,1
DA:166,0
DA:167,0
DA:172,3
DA:173,2
DA:174,2
DA:175,2
DA:176,2
DA:179,2
DA:181,2
DA:182,1
DA:186,1
DA:187,1
DA:188,1
DA:189,1
DA:192,1
DA:193,1
DA:194,1
DA:195,1
DA:199,1
DA:202,1
DA:204,1
DA:205,1
DA:206,1
DA:207,1
DA:209,1
DA:212,1
DA:215,1
DA:217,1
DA:218,1
DA:219,1
DA:220,1
DA:222,1
DA:223,1
DA:226,1
DA:231,0
DA:232,0
DA:237,3
DA:238,1
DA:239,1
DA:240,1
DA:241,1
DA:244,1
DA:246,1
DA:247,0
DA:251,1
DA:252,1
DA:253,1
DA:254,1
DA:258,1
DA:259,1
DA:260,1
DA:261,1
DA:265,1
DA:268,1
DA:270,1
DA:271,1
DA:272,1
DA:273,1
DA:275,1
DA:278,1
DA:281,1
DA:283,1
DA:284,1
DA:285,1
DA:286,1
DA:289,1
DA:290,1
DA:292,1
DA:297,0
DA:298,0
DA:302,3
DA:303,2
DA:304,2
DA:305,2
DA:306,2
DA:309,2
DA:311,2
DA:312,1
DA:315,1
DA:316,1
DA:317,1
DA:318,1
DA:321,1
DA:322,1
DA:323,1
DA:324,1
DA:328,1
DA:331,1
DA:333,1
DA:334,1
DA:335,1
DA:336,1
DA:338,1
DA:341,1
DA:344,1
DA:346,1
DA:347,1
DA:348,1
DA:349,1
DA:351,1
DA:352,1
DA:354,1
DA:359,0
DA:360,0
DA:365,3
DA:366,1
DA:367,1
DA:368,1
DA:369,1
DA:372,1
DA:374,1
DA:375,0
DA:378,1
DA:379,1
DA:380,1
DA:381,1
DA:384,1
DA:385,1
DA:386,1
DA:387,1
DA:391,1
DA:394,1
DA:396,1
DA:397,1
DA:398,1
DA:399,1
DA:401,1
DA:404,1
DA:407,1
DA:409,1
DA:410,1
DA:411,1
DA:412,1
DA:414,1
DA:415,1
DA:417,1
DA:422,0
DA:423,0
DA:428,3
DA:429,2
DA:430,2
DA:431,2
DA:432,2
DA:435,2
DA:437,2
DA:438,1
DA:442,1
DA:443,1
DA:444,1
DA:445,1
DA:449,1
DA:450,1
DA:451,1
DA:452,1
DA:456,1
DA:459,1
DA:461,1
DA:462,1
DA:463,1
DA:464,1
DA:467,1
DA:470,1
DA:473,1
DA:475,1
DA:476,1
DA:477,1
DA:478,1
DA:481,1
DA:482,1
DA:484,1
DA:489,0
DA:490,0
DA:494,3
DA:495,1
DA:496,1
DA:497,1
DA:498,1
DA:501,1
DA:503,1
DA:504,0
DA:507,1
DA:508,1
DA:509,1
DA:510,1
DA:514,1
DA:515,1
DA:516,1
DA:517,1
DA:521,1
DA:525,1
DA:526,1
DA:527,1
DA:528,1
DA:529,1
DA:531,1
DA:534,1
DA:538,1
DA:539,1
DA:540,1
DA:541,1
DA:542,1
DA:545,1
DA:546,1
DA:548,1
DA:553,0
DA:554,0
DA:559,3
DA:560,3
DA:561,3
DA:562,3
DA:565,3
DA:567,2
DA:568,1
DA:572,2
DA:575,1
DA:576,1
DA:578,1
DA:581,1
DA:584,1
DA:585,1
DA:587,1
DA:589,1
DA:594,1
DA:595,1
DA:600,3
LF:310
LH:293
BRDA:49,0,0,1
BRDA:49,0,1,1
BRDA:114,1,0,1
BRDA:114,1,1,1
BRDA:181,2,0,1
BRDA:181,2,1,1
BRDA:246,3,0,0
BRDA:246,3,1,1
BRDA:311,4,0,1
BRDA:311,4,1,1
BRDA:374,5,0,0
BRDA:374,5,1,1
BRDA:437,6,0,1
BRDA:437,6,1,1
BRDA:503,7,0,0
BRDA:503,7,1,1
BRDA:567,8,0,1
BRDA:567,8,1,1
BRF:18
BRH:15
end_of_record
TN:
SF:services/otp.service.js
FN:7,(anonymous_0)
FNF:1
FNH:1
FNDA:13,(anonymous_0)
DA:2,3
DA:3,3
DA:4,3
DA:7,3
DA:8,13
DA:9,13
DA:10,13
DA:11,13
DA:13,13
DA:14,13
DA:15,6
DA:17,7
DA:18,7
DA:22,3
LF:14
LH:14
BRF:0
BRH:0
end_of_record
TN:
SF:services/reminder.service.js
FN:45,(anonymous_0)
FN:91,(anonymous_1)
FN:152,(anonymous_2)
FN:210,(anonymous_3)
FN:243,(anonymous_4)
FNF:5
FNH:5
FNDA:3,(anonymous_0)
FNDA:6,(anonymous_1)
FNDA:3,(anonymous_2)
FNDA:3,(anonymous_3)
FNDA:6,(anonymous_4)
DA:2,3
DA:3,3
DA:5,3
DA:6,3
DA:9,3
DA:10,3
DA:12,3
DA:13,3
DA:15,3
DA:16,3
DA:18,3
DA:19,3
DA:21,3
DA:22,3
DA:24,3
DA:26,3
DA:27,3
DA:29,3
DA:32,3
DA:34,3
DA:35,3
DA:36,3
DA:37,3
DA:38,3
DA:40,3
DA:41,3
DA:45,3
DA:46,3
DA:47,3
DA:48,3
DA:49,3
DA:51,3
DA:52,1
DA:59,1
DA:60,2
DA:61,1
DA:62,1
DA:63,1
DA:68,1
DA:69,2
DA:71,2
DA:76,2
DA:77,2
DA:79,2
DA:80,1
DA:81,1
DA:82,1
DA:85,2
DA:91,3
DA:92,6
DA:96,6
DA:97,6
DA:98,6
DA:99,6
DA:100,6
DA:102,6
DA:103,6
DA:106,6
DA:107,4
DA:108,3
DA:109,3
DA:112,1
DA:114,1
DA:115,1
DA:117,6
DA:118,2
DA:120,1
DA:121,1
DA:122,1
DA:123,1
DA:124,1
DA:129,6
DA:130,6
DA:131,7
DA:132,5
DA:133,2
DA:134,2
DA:135,2
DA:136,2
DA:137,2
DA:142,6
DA:152,3
DA:153,3
DA:154,3
DA:155,3
DA:156,3
DA:157,3
DA:159,3
DA:161,1
DA:169,1
DA:170,2
DA:171,1
DA:172,1
DA:173,1
DA:176,1
DA:177,1
DA:178,2
DA:180,2
DA:188,2
DA:190,2
DA:192,2
DA:193,1
DA:194,1
DA:195,1
DA:198,2
DA:199,2
DA:210,3
DA:211,3
DA:212,3
DA:213,3
DA:214,3
DA:215,3
DA:218,3
DA:239,3
DA:240,3
DA:243,3
DA:244,6
DA:245,6
DA:246,6
DA:247,6
DA:249,6
DA:250,6
DA:251,3
DA:252,1
DA:255,1
DA:259,2
DA:260,2
DA:263,2
DA:268,3
DA:269,3
DA:270,1
DA:273,1
DA:276,2
DA:277,2
DA:280,2
DA:287,6
DA:288,6
DA:292,3
LF:138
LH:138
BRDA:51,0,0,1
BRDA:51,0,1,2
BRDA:60,1,0,1
BRDA:60,1,1,1
BRDA:62,2,0,1
BRDA:62,2,1,0
BRDA:69,3,0,2
BRDA:69,3,1,0
BRDA:79,4,0,1
BRDA:79,4,1,1
BRDA:81,5,0,1
BRDA:81,5,1,0
BRDA:106,6,0,4
BRDA:106,6,1,2
BRDA:107,7,0,3
BRDA:107,7,1,1
BRDA:112,8,0,1
BRDA:112,8,1,0
BRDA:112,9,0,1
BRDA:112,9,1,1
BRDA:117,10,0,2
BRDA:117,10,1,4
BRDA:118,11,0,1
BRDA:118,11,1,1
BRDA:122,12,0,1
BRDA:122,12,1,0
BRDA:131,13,0,5
BRDA:131,13,1,2
BRDA:133,14,0,2
BRDA:133,14,1,0
BRDA:135,15,0,1
BRDA:135,15,1,1
BRDA:159,16,0,1
BRDA:159,16,1,2
BRDA:170,17,0,1
BRDA:170,17,1,1
BRDA:172,18,0,1
BRDA:172,18,1,0
BRDA:178,19,0,2
BRDA:178,19,1,0
BRDA:192,20,0,1
BRDA:192,20,1,1
BRDA:194,21,0,1
BRDA:194,21,1,0
BRDA:250,22,0,3
BRDA:250,22,1,3
BRDA:251,23,0,1
BRDA:251,23,1,2
BRDA:259,24,0,2
BRDA:259,24,1,0
BRDA:259,25,0,2
BRDA:259,25,1,1
BRDA:268,26,0,3
BRDA:268,26,1,0
BRDA:269,27,0,1
BRDA:269,27,1,2
BRDA:276,28,0,2
BRDA:276,28,1,0
BRDA:276,29,0,2
BRDA:276,29,1,1
BRF:60
BRH:48
end_of_record
TN:
SF:services/user.service.js
FN:18,(anonymous_0)
FN:57,(anonymous_1)
FN:83,(anonymous_2)
FN:115,(anonymous_3)
FN:129,(anonymous_4)
FN:167,(anonymous_5)
FN:206,(anonymous_6)
FNF:7
FNH:7
FNDA:4,(anonymous_0)
FNDA:3,(anonymous_1)
FNDA:4,(anonymous_2)
FNDA:2,(anonymous_3)
FNDA:4,(anonymous_4)
FNDA:5,(anonymous_5)
FNDA:3,(anonymous_6)
DA:2,3
DA:3,3
DA:5,3
DA:6,3
DA:8,3
DA:9,3
DA:10,3
DA:11,3
DA:12,3
DA:13,3
DA:15,3
DA:16,3
DA:18,3
DA:19,4
DA:20,4
DA:22,4
DA:23,4
DA:24,3
DA:25,3
DA:26,2
DA:27,2
DA:28,2
DA:41,2
DA:42,2
DA:46,1
DA:47,1
DA:48,1
DA:49,1
DA:52,1
DA:53,1
DA:57,3
DA:58,3
DA:59,3
DA:60,3
DA:71,2
DA:73,1
DA:74,1
DA:83,3
DA:84,4
DA:85,4
DA:86,4
DA:87,4
DA:88,1
DA:92,3
DA:93,3
DA:94,3
DA:95,3
DA:97,3
DA:98,3
DA:99,3
DA:100,3
DA:102,3
DA:103,3
DA:105,3
DA:106,3
DA:107,2
DA:110,3
DA:111,3
DA:115,3
DA:116,2
DA:117,2
DA:119,2
DA:120,2
DA:121,1
DA:123,1
DA:124,1
DA:129,3
DA:130,4
DA:131,4
DA:146,4
DA:147,4
DA:148,3
DA:160,3
DA:162,1
DA:163,1
DA:167,3
DA:168,5
DA:169,5
DA:170,5
DA:171,5
DA:172,5
DA:173,5
DA:174,5
DA:175,4
DA:176,1
DA:178,3
DA:190,3
DA:191,3
DA:192,2
DA:193,2
DA:195,1
DA:196,1
DA:201,1
DA:202,1
DA:206,3
DA:207,3
DA:208,3
DA:209,3
DA:210,3
DA:211,3
DA:212,2
DA:214,1
DA:220,3
LF:103
LH:103
BRDA:25,0,0,2
BRDA:25,0,1,1
BRDA:27,1,0,2
BRDA:27,1,1,0
BRDA:87,2,0,1
BRDA:87,2,1,3
BRDA:175,3,0,1
BRDA:175,3,1,3
BRDA:211,4,0,2
BRDA:211,4,1,1
BRF:10
BRH:9
end_of_record
TN:
SF:services/utility.service.js
FN:5,(anonymous_0)
FN:15,(anonymous_1)
FN:20,(anonymous_2)
FN:40,(anonymous_3)
FN:71,(anonymous_4)
FN:89,(anonymous_5)
FN:131,(anonymous_6)
FN:145,removeDuplicates
FN:147,(anonymous_8)
FN:150,(anonymous_9)
FN:156,(anonymous_10)
FN:160,(anonymous_11)
FN:163,(anonymous_12)
FN:172,(anonymous_13)
FNF:14
FNH:14
FNDA:4,(anonymous_0)
FNDA:4,(anonymous_1)
FNDA:5,(anonymous_2)
FNDA:5,(anonymous_3)
FNDA:3,(anonymous_4)
FNDA:3,(anonymous_5)
FNDA:3,(anonymous_6)
FNDA:6,removeDuplicates
FNDA:7,(anonymous_8)
FNDA:10,(anonymous_9)
FNDA:6,(anonymous_10)
FNDA:8,(anonymous_11)
FNDA:8,(anonymous_12)
FNDA:5,(anonymous_13)
DA:1,19
DA:2,19
DA:3,19
DA:5,19
DA:6,4
DA:7,4
DA:8,4
DA:9,4
DA:10,4
DA:11,4
DA:15,19
DA:16,4
DA:20,19
DA:21,5
DA:22,5
DA:23,5
DA:25,5
DA:26,5
DA:27,5
DA:28,5
DA:29,5
DA:30,5
DA:31,5
DA:32,5
DA:33,5
DA:34,5
DA:40,19
DA:41,5
DA:42,5
DA:43,6
DA:44,6
DA:45,2
DA:46,2
DA:48,4
DA:49,4
DA:50,3
DA:58,3
DA:63,3
DA:66,5
DA:71,19
DA:72,3
DA:73,3
DA:74,3
DA:75,2
DA:77,2
DA:84,3
DA:89,19
DA:90,3
DA:91,2
DA:92,2
DA:93,1
DA:94,1
DA:99,1
DA:110,1
DA:111,1
DA:119,1
DA:120,0
DA:131,19
DA:132,3
DA:133,2
DA:134,2
DA:147,7
DA:150,10
DA:152,6
DA:156,19
DA:157,6
DA:160,8
DA:163,6
DA:164,8
DA:165,5
DA:169,6
DA:172,19
DA:173,5
DA:174,5
DA:175,40
DA:176,40
DA:177,40
DA:179,5
DA:184,19
LF:79
LH:78
BRDA:44,0,0,2
BRDA:44,0,1,4
BRDA:49,1,0,3
BRDA:49,1,1,1
BRDA:59,2,0,2
BRDA:59,2,1,1
BRDA:74,3,0,2
BRDA:74,3,1,1
BRDA:78,4,0,1
BRDA:78,4,1,1
BRDA:90,5,0,2
BRDA:90,5,1,1
BRDA:92,6,0,1
BRDA:92,6,1,1
BRDA:95,7,0,1
BRDA:95,7,1,0
BRDA:110,8,0,1
BRDA:110,8,1,0
BRDA:121,9,0,0
BRDA:121,9,1,0
BRDA:132,10,0,2
BRDA:132,10,1,1
BRDA:135,11,0,1
BRDA:135,11,1,1
BRDA:164,12,0,5
BRDA:164,12,1,3
BRF:26
BRH:22
end_of_record
TN:
SF:services/customer/commercial.customer.service.js
FN:14,(anonymous_0)
FN:21,(anonymous_1)
FN:34,(anonymous_2)
FN:154,(anonymous_3)
FN:191,(anonymous_4)
FN:235,(anonymous_5)
FNF:6
FNH:6
FNDA:3,(anonymous_0)
FNDA:4,(anonymous_1)
FNDA:4,(anonymous_2)
FNDA:3,(anonymous_3)
FNDA:6,(anonymous_4)
FNDA:5,(anonymous_5)
DA:3,3
DA:4,3
DA:5,3
DA:6,3
DA:7,3
DA:8,3
DA:9,3
DA:11,3
DA:14,3
DA:15,3
DA:16,3
DA:18,3
DA:20,3
DA:21,3
DA:22,4
DA:23,4
DA:31,3
DA:32,3
DA:34,4
DA:40,3
DA:70,3
DA:71,3
DA:72,2
DA:78,2
DA:79,3
DA:100,3
DA:102,1
DA:103,1
DA:110,1
DA:111,1
DA:132,1
DA:137,3
DA:139,2
DA:140,2
DA:142,1
DA:143,1
DA:144,1
DA:148,3
DA:154,3
DA:155,3
DA:156,3
DA:158,3
DA:159,3
DA:161,3
DA:162,2
DA:163,1
DA:165,1
DA:167,1
DA:168,1
DA:170,1
DA:171,1
DA:172,1
DA:173,1
DA:174,1
DA:175,1
DA:176,1
DA:177,1
DA:178,1
DA:184,1
DA:185,1
DA:191,3
DA:192,6
DA:193,6
DA:194,6
DA:195,6
DA:196,6
DA:197,6
DA:201,6
DA:202,6
DA:204,6
DA:205,1
DA:206,1
DA:209,5
DA:212,4
DA:214,4
DA:215,3
DA:217,2
DA:218,1
DA:219,1
DA:221,1
DA:223,3
DA:224,3
DA:226,1
DA:227,1
DA:230,1
DA:231,1
DA:235,3
DA:236,5
DA:237,5
DA:238,5
DA:239,5
DA:240,5
DA:241,5
DA:242,5
DA:243,5
DA:244,5
DA:245,4
DA:247,1
DA:252,5
DA:253,5
DA:255,5
DA:256,1
DA:257,1
DA:260,4
DA:263,4
DA:265,4
DA:267,3
DA:279,2
DA:282,1
DA:284,1
DA:296,1
DA:300,3
DA:301,3
DA:303,1
DA:304,1
DA:307,0
DA:308,0
DA:311,3
LF:118
LH:116
BRDA:70,0,0,3
BRDA:70,0,1,0
BRDA:71,1,0,2
BRDA:71,1,1,1
BRDA:102,2,0,1
BRDA:102,2,1,0
BRDA:137,3,0,2
BRDA:137,3,1,1
BRDA:142,4,0,1
BRDA:142,4,1,0
BRDA:161,5,0,2
BRDA:161,5,1,1
BRDA:170,6,0,1
BRDA:170,6,1,0
BRDA:202,7,0,6
BRDA:202,7,1,0
BRDA:204,8,0,1
BRDA:204,8,1,5
BRDA:209,9,0,4
BRDA:209,9,1,1
BRDA:209,10,0,5
BRDA:209,10,1,3
BRDA:209,10,2,2
BRDA:209,10,3,2
BRDA:214,11,0,3
BRDA:214,11,1,1
BRDA:214,12,0,4
BRDA:214,12,1,4
BRDA:218,13,0,1
BRDA:218,13,1,0
BRDA:218,14,0,1
BRDA:218,14,1,1
BRDA:244,15,0,4
BRDA:244,15,1,1
BRDA:253,16,0,5
BRDA:253,16,1,0
BRDA:255,17,0,1
BRDA:255,17,1,4
BRDA:260,18,0,4
BRDA:260,18,1,0
BRDA:260,19,0,4
BRDA:260,19,1,3
BRDA:260,19,2,1
BRDA:265,20,0,3
BRDA:265,20,1,1
BRDA:265,21,0,4
BRDA:265,21,1,4
BRDA:282,22,0,1
BRDA:282,22,1,0
BRDA:282,23,0,1
BRDA:282,23,1,1
BRF:51
BRH:42
end_of_record
TN:
SF:services/customer/customer.service.js
FN:28,(anonymous_0)
FN:54,(anonymous_1)
FN:75,(anonymous_2)
FN:168,(anonymous_3)
FN:185,(anonymous_4)
FNF:5
FNH:4
FNDA:4,(anonymous_0)
FNDA:4,(anonymous_1)
FNDA:5,(anonymous_2)
FNDA:0,(anonymous_3)
FNDA:5,(anonymous_4)
DA:2,3
DA:3,3
DA:4,3
DA:5,3
DA:7,3
DA:8,3
DA:10,3
DA:11,3
DA:12,3
DA:13,3
DA:15,3
DA:16,3
DA:17,3
DA:19,3
DA:20,3
DA:21,3
DA:22,3
DA:24,3
DA:25,3
DA:28,3
DA:29,4
DA:30,4
DA:35,4
DA:36,4
DA:37,2
DA:38,1
DA:39,1
DA:40,1
DA:43,2
DA:44,2
DA:45,1
DA:46,1
DA:47,1
DA:51,4
DA:56,4
DA:59,4
DA:65,4
DA:70,4
DA:71,4
DA:75,3
DA:76,5
DA:77,5
DA:78,5
DA:79,5
DA:80,5
DA:81,5
DA:82,5
DA:83,5
DA:84,5
DA:88,5
DA:89,4
DA:90,1
DA:92,4
DA:93,2
DA:94,2
DA:95,2
DA:96,2
DA:97,2
DA:99,1
DA:100,1
DA:101,0
DA:103,1
DA:104,1
DA:105,1
DA:106,0
DA:107,0
DA:108,0
DA:112,5
DA:119,5
DA:121,5
DA:122,5
DA:123,5
DA:124,5
DA:125,0
DA:126,0
DA:130,5
DA:131,5
DA:132,2
DA:135,5
DA:136,5
DA:138,5
DA:140,1
DA:142,5
DA:143,5
DA:144,1
DA:145,1
DA:146,1
DA:147,1
DA:150,1
DA:151,1
DA:152,1
DA:153,1
DA:154,1
DA:155,1
DA:156,1
DA:158,0
DA:160,0
DA:161,0
DA:162,0
DA:165,0
DA:168,0
DA:172,5
DA:173,5
DA:174,5
DA:176,1
DA:178,4
DA:181,5
DA:182,5
DA:185,3
DA:186,5
DA:187,5
DA:188,5
DA:190,5
DA:191,5
DA:193,5
DA:194,3
DA:195,2
DA:196,2
DA:197,2
DA:200,1
DA:202,1
DA:205,1
DA:209,1
DA:213,2
DA:214,2
DA:216,1
DA:220,1
DA:224,1
DA:228,1
DA:230,1
DA:234,1
DA:238,1
DA:247,5
DA:248,5
DA:249,5
DA:250,5
DA:251,5
DA:252,1
DA:255,5
DA:256,5
DA:257,1
DA:259,5
DA:260,6
DA:262,6
DA:263,5
DA:269,5
DA:270,5
DA:271,5
DA:275,5
DA:278,3
LF:150
LH:138
BRDA:36,0,0,2
BRDA:36,0,1,2
BRDA:37,1,0,1
BRDA:37,1,1,1
BRDA:39,2,0,1
BRDA:39,2,1,0
BRDA:43,3,0,2
BRDA:43,3,1,0
BRDA:44,4,0,1
BRDA:44,4,1,1
BRDA:46,5,0,1
BRDA:46,5,1,0
BRDA:88,6,0,4
BRDA:88,6,1,1
BRDA:89,7,0,1
BRDA:89,7,1,3
BRDA:92,8,0,2
BRDA:92,8,1,2
BRDA:95,9,0,2
BRDA:95,9,1,0
BRDA:99,10,0,1
BRDA:99,10,1,0
BRDA:100,11,0,0
BRDA:100,11,1,1
BRDA:103,12,0,1
BRDA:103,12,1,0
BRDA:106,13,0,0
BRDA:106,13,1,0
BRDA:121,14,0,1
BRDA:121,14,1,4
BRDA:135,15,0,1
BRDA:135,15,1,4
BRDA:143,16,0,1
BRDA:143,16,1,4
BRDA:144,17,0,1
BRDA:144,17,1,0
BRDA:150,18,0,1
BRDA:150,18,1,0
BRDA:154,19,0,1
BRDA:154,19,1,0
BRDA:158,20,0,0
BRDA:158,20,1,0
BRDA:174,21,0,1
BRDA:174,21,1,4
BRDA:174,22,0,5
BRDA:174,22,1,5
BRDA:193,23,0,3
BRDA:193,23,1,2
BRDA:194,24,0,2
BRDA:194,24,1,1
BRDA:200,25,0,1
BRDA:200,25,1,0
BRDA:200,26,0,1
BRDA:200,26,1,0
BRDA:213,27,0,2
BRDA:213,27,1,0
BRDA:214,28,0,1
BRDA:214,28,1,1
BRDA:228,29,0,1
BRDA:228,29,1,0
BRDA:228,30,0,1
BRDA:228,30,1,1
BRDA:248,31,0,1
BRDA:248,31,1,4
BRDA:249,32,0,1
BRDA:249,32,1,4
BRDA:260,33,0,1
BRDA:260,33,1,5
BRDA:262,34,0,5
BRDA:262,34,1,1
BRDA:263,35,0,1
BRDA:263,35,1,4
BRF:72
BRH:54
end_of_record
TN:
SF:services/customer/residential.customer.service.js
FN:14,(anonymous_0)
FN:22,(anonymous_1)
FN:148,(anonymous_2)
FN:182,(anonymous_3)
FN:226,(anonymous_4)
FNF:5
FNH:5
FNDA:4,(anonymous_0)
FNDA:7,(anonymous_1)
FNDA:3,(anonymous_2)
FNDA:6,(anonymous_3)
FNDA:5,(anonymous_4)
DA:3,3
DA:4,3
DA:5,3
DA:6,3
DA:7,3
DA:8,3
DA:9,3
DA:11,3
DA:14,3
DA:15,4
DA:16,4
DA:18,4
DA:19,4
DA:20,4
DA:22,7
DA:28,4
DA:59,4
DA:60,4
DA:61,2
DA:69,2
DA:70,3
DA:90,3
DA:94,2
DA:95,2
DA:101,2
DA:102,4
DA:122,4
DA:131,4
DA:133,2
DA:134,2
DA:135,2
DA:137,2
DA:139,2
DA:140,2
DA:143,4
DA:148,3
DA:149,3
DA:150,3
DA:152,3
DA:153,3
DA:155,3
DA:156,2
DA:157,1
DA:159,1
DA:161,1
DA:162,1
DA:163,1
DA:164,1
DA:165,1
DA:166,1
DA:167,1
DA:168,1
DA:169,1
DA:170,1
DA:171,1
DA:176,1
DA:177,1
DA:182,3
DA:183,6
DA:184,6
DA:185,6
DA:186,6
DA:187,6
DA:188,6
DA:192,6
DA:193,6
DA:195,6
DA:196,1
DA:197,1
DA:200,5
DA:203,4
DA:205,4
DA:206,3
DA:208,2
DA:209,1
DA:210,1
DA:212,1
DA:214,3
DA:215,3
DA:217,1
DA:218,1
DA:221,1
DA:222,1
DA:226,3
DA:227,5
DA:228,5
DA:229,5
DA:230,5
DA:231,5
DA:232,5
DA:233,5
DA:234,5
DA:235,5
DA:236,4
DA:238,1
DA:243,5
DA:244,5
DA:246,5
DA:247,1
DA:248,1
DA:251,4
DA:254,4
DA:256,4
DA:258,3
DA:270,2
DA:273,1
DA:275,1
DA:287,1
DA:291,3
DA:292,3
DA:294,1
DA:295,1
DA:298,0
DA:299,0
DA:302,3
LF:115
LH:113
BRDA:59,0,0,4
BRDA:59,0,1,0
BRDA:60,1,0,2
BRDA:60,1,1,2
BRDA:94,2,0,2
BRDA:94,2,1,0
BRDA:131,3,0,2
BRDA:131,3,1,2
BRDA:137,4,0,2
BRDA:137,4,1,0
BRDA:155,5,0,2
BRDA:155,5,1,1
BRDA:163,6,0,1
BRDA:163,6,1,0
BRDA:193,7,0,6
BRDA:193,7,1,0
BRDA:195,8,0,1
BRDA:195,8,1,5
BRDA:200,9,0,4
BRDA:200,9,1,1
BRDA:200,10,0,5
BRDA:200,10,1,3
BRDA:200,10,2,2
BRDA:200,10,3,2
BRDA:205,11,0,3
BRDA:205,11,1,1
BRDA:205,12,0,4
BRDA:205,12,1,4
BRDA:209,13,0,1
BRDA:209,13,1,0
BRDA:209,14,0,1
BRDA:209,14,1,1
BRDA:235,15,0,4
BRDA:235,15,1,1
BRDA:244,16,0,5
BRDA:244,16,1,0
BRDA:246,17,0,1
BRDA:246,17,1,4
BRDA:251,18,0,4
BRDA:251,18,1,0
BRDA:251,19,0,4
BRDA:251,19,1,3
BRDA:251,19,2,1
BRDA:256,20,0,3
BRDA:256,20,1,1
BRDA:256,21,0,4
BRDA:256,21,1,4
BRDA:273,22,0,1
BRDA:273,22,1,0
BRDA:273,23,0,1
BRDA:273,23,1,1
BRF:51
BRH:42
end_of_record
TN:
SF:services/property/commercial.property.service.js
FN:16,(anonymous_0)
FN:34,(anonymous_1)
FN:45,(anonymous_2)
FN:127,(anonymous_3)
FN:140,(anonymous_4)
FN:162,(anonymous_5)
FN:174,(anonymous_6)
FN:218,(anonymous_7)
FNF:8
FNH:8
FNDA:3,(anonymous_0)
FNDA:3,(anonymous_1)
FNDA:3,(anonymous_2)
FNDA:4,(anonymous_3)
FNDA:2,(anonymous_4)
FNDA:2,(anonymous_5)
FNDA:6,(anonymous_6)
FNDA:5,(anonymous_7)
DA:3,3
DA:4,3
DA:5,3
DA:6,3
DA:7,3
DA:8,3
DA:9,3
DA:10,3
DA:11,3
DA:13,3
DA:16,3
DA:17,3
DA:18,3
DA:19,3
DA:20,3
DA:22,3
DA:23,3
DA:26,3
DA:27,1
DA:31,3
DA:33,3
DA:34,3
DA:35,3
DA:36,3
DA:38,3
DA:40,3
DA:41,3
DA:43,3
DA:46,3
DA:47,0
DA:50,3
DA:58,3
DA:59,3
DA:60,3
DA:62,3
DA:98,3
DA:99,3
DA:100,2
DA:106,2
DA:107,2
DA:109,1
DA:110,1
DA:117,1
DA:118,1
DA:121,3
DA:127,3
DA:128,4
DA:129,4
DA:130,4
DA:131,4
DA:133,4
DA:135,2
DA:136,1
DA:139,1
DA:140,2
DA:142,1
DA:143,1
DA:146,2
DA:148,2
DA:150,1
DA:151,1
DA:154,1
DA:155,1
DA:157,1
DA:158,1
DA:161,1
DA:162,2
DA:164,1
DA:165,1
DA:168,1
DA:169,1
DA:174,3
DA:175,6
DA:176,6
DA:177,6
DA:178,6
DA:179,6
DA:180,6
DA:184,6
DA:185,6
DA:187,6
DA:188,1
DA:189,1
DA:192,5
DA:195,4
DA:197,4
DA:198,3
DA:200,2
DA:201,1
DA:202,1
DA:204,1
DA:206,3
DA:207,3
DA:209,1
DA:210,1
DA:213,1
DA:214,1
DA:218,3
DA:219,5
DA:220,5
DA:221,5
DA:222,5
DA:223,5
DA:224,5
DA:225,5
DA:226,5
DA:227,5
DA:228,4
DA:230,1
DA:235,5
DA:236,5
DA:238,5
DA:239,1
DA:240,1
DA:243,4
DA:246,4
DA:248,4
DA:249,3
DA:261,2
DA:264,1
DA:266,1
DA:278,1
DA:282,3
DA:283,3
DA:285,1
DA:286,1
DA:289,0
DA:290,0
DA:294,3
LF:129
LH:126
BRDA:17,0,0,2
BRDA:17,0,1,1
BRDA:17,1,0,3
BRDA:17,1,1,3
BRDA:26,2,0,1
BRDA:26,2,1,2
BRDA:33,3,0,3
BRDA:33,3,1,0
BRDA:33,4,0,3
BRDA:33,4,1,3
BRDA:46,5,0,0
BRDA:46,5,1,3
BRDA:98,6,0,3
BRDA:98,6,1,0
BRDA:99,7,0,2
BRDA:99,7,1,1
BRDA:109,8,0,1
BRDA:109,8,1,0
BRDA:129,9,0,0
BRDA:129,9,1,4
BRDA:129,10,0,4
BRDA:129,10,1,4
BRDA:133,11,0,2
BRDA:133,11,1,2
BRDA:148,12,0,1
BRDA:148,12,1,1
BRDA:154,13,0,1
BRDA:154,13,1,0
BRDA:155,14,0,1
BRDA:155,14,1,0
BRDA:175,15,0,0
BRDA:175,15,1,6
BRDA:175,16,0,6
BRDA:175,16,1,6
BRDA:185,17,0,6
BRDA:185,17,1,0
BRDA:187,18,0,1
BRDA:187,18,1,5
BRDA:192,19,0,4
BRDA:192,19,1,1
BRDA:192,20,0,5
BRDA:192,20,1,3
BRDA:192,20,2,2
BRDA:192,20,3,2
BRDA:197,21,0,3
BRDA:197,21,1,1
BRDA:197,22,0,4
BRDA:197,22,1,4
BRDA:201,23,0,1
BRDA:201,23,1,0
BRDA:201,24,0,1
BRDA:201,24,1,1
BRDA:219,25,0,0
BRDA:219,25,1,5
BRDA:219,26,0,5
BRDA:219,26,1,5
BRDA:227,27,0,4
BRDA:227,27,1,1
BRDA:236,28,0,5
BRDA:236,28,1,0
BRDA:238,29,0,1
BRDA:238,29,1,4
BRDA:243,30,0,4
BRDA:243,30,1,0
BRDA:243,31,0,4
BRDA:243,31,1,3
BRDA:243,31,2,1
BRDA:248,32,0,3
BRDA:248,32,1,1
BRDA:248,33,0,4
BRDA:248,33,1,4
BRDA:264,34,0,1
BRDA:264,34,1,0
BRDA:264,35,0,1
BRDA:264,35,1,1
BRF:75
BRH:61
end_of_record
TN:
SF:services/property/property.service.js
FN:16,(anonymous_0)
FN:50,(anonymous_1)
FN:174,(anonymous_2)
FNF:3
FNH:2
FNDA:2,(anonymous_0)
FNDA:8,(anonymous_1)
FNDA:0,(anonymous_2)
DA:2,3
DA:3,3
DA:4,3
DA:5,3
DA:7,3
DA:8,3
DA:9,3
DA:10,3
DA:12,3
DA:13,3
DA:16,3
DA:17,2
DA:18,2
DA:23,2
DA:24,2
DA:25,2
DA:26,1
DA:27,1
DA:28,1
DA:32,0
DA:34,2
DA:38,2
DA:39,2
DA:40,2
DA:46,2
DA:50,3
DA:51,8
DA:52,8
DA:53,8
DA:54,8
DA:55,8
DA:56,8
DA:57,8
DA:58,8
DA:63,8
DA:64,5
DA:65,1
DA:67,5
DA:68,2
DA:69,2
DA:70,3
DA:71,3
DA:72,3
DA:74,3
DA:75,3
DA:76,1
DA:78,3
DA:79,1
DA:80,1
DA:81,2
DA:82,2
DA:83,2
DA:90,8
DA:95,8
DA:96,8
DA:98,8
DA:100,5
DA:101,5
DA:102,5
DA:103,5
DA:104,4
DA:105,3
DA:106,3
DA:108,4
DA:110,4
DA:111,3
DA:117,5
DA:118,5
DA:119,5
DA:120,5
DA:121,4
DA:122,4
DA:124,5
DA:125,4
DA:126,4
DA:127,3
DA:128,3
DA:130,3
DA:131,2
DA:139,2
DA:144,2
DA:150,5
DA:151,1
DA:152,1
DA:153,1
DA:154,1
DA:156,1
DA:157,1
DA:164,1
DA:169,1
DA:174,1
DA:176,1
DA:184,8
DA:185,8
DA:189,3
LF:95
LH:94
BRDA:24,0,0,2
BRDA:24,0,1,0
BRDA:25,1,0,1
BRDA:25,1,1,1
BRDA:27,2,0,1
BRDA:27,2,1,0
BRDA:63,3,0,5
BRDA:63,3,1,3
BRDA:64,4,0,1
BRDA:64,4,1,4
BRDA:67,5,0,2
BRDA:67,5,1,3
BRDA:70,6,0,3
BRDA:70,6,1,0
BRDA:74,7,0,3
BRDA:74,7,1,0
BRDA:75,8,0,1
BRDA:75,8,1,2
BRDA:78,9,0,1
BRDA:78,9,1,2
BRDA:81,10,0,2
BRDA:81,10,1,0
BRDA:98,11,0,5
BRDA:98,11,1,3
BRDA:103,12,0,4
BRDA:103,12,1,1
BRDA:124,13,0,4
BRDA:124,13,1,1
BRDA:130,14,0,2
BRDA:130,14,1,1
BRDA:140,15,0,2
BRDA:140,15,1,0
BRDA:150,16,0,1
BRDA:150,16,1,4
BRDA:156,17,0,1
BRDA:156,17,1,0
BRDA:165,18,0,1
BRDA:165,18,1,0
BRF:38
BRH:30
end_of_record
TN:
SF:services/property/residential.property.service.js
FN:16,(anonymous_0)
FN:36,(anonymous_1)
FN:43,(anonymous_2)
FN:136,(anonymous_3)
FN:150,(anonymous_4)
FN:164,(anonymous_5)
FN:175,(anonymous_6)
FN:220,(anonymous_7)
FNF:8
FNH:8
FNDA:3,(anonymous_0)
FNDA:1,(anonymous_1)
FNDA:1,(anonymous_2)
FNDA:3,(anonymous_3)
FNDA:1,(anonymous_4)
FNDA:1,(anonymous_5)
FNDA:6,(anonymous_6)
FNDA:5,(anonymous_7)
DA:2,3
DA:3,3
DA:5,3
DA:6,3
DA:7,3
DA:8,3
DA:9,3
DA:10,3
DA:11,3
DA:13,3
DA:16,3
DA:17,3
DA:18,3
DA:19,3
DA:20,3
DA:21,3
DA:22,3
DA:24,3
DA:25,3
DA:27,3
DA:28,3
DA:29,2
DA:33,3
DA:34,3
DA:35,3
DA:36,1
DA:37,1
DA:38,1
DA:39,1
DA:40,1
DA:41,1
DA:42,1
DA:44,1
DA:45,0
DA:47,1
DA:53,3
DA:54,3
DA:55,3
DA:57,3
DA:105,3
DA:106,3
DA:107,2
DA:115,2
DA:116,2
DA:118,1
DA:119,1
DA:126,1
DA:127,1
DA:130,3
DA:136,3
DA:137,3
DA:138,3
DA:139,3
DA:140,3
DA:141,3
DA:143,2
DA:144,1
DA:147,1
DA:150,1
DA:152,1
DA:153,1
DA:155,1
DA:156,1
DA:157,1
DA:158,1
DA:159,1
DA:160,1
DA:162,1
DA:164,1
DA:165,1
DA:166,1
DA:170,1
DA:171,1
DA:175,3
DA:176,6
DA:177,6
DA:178,6
DA:179,6
DA:180,6
DA:181,6
DA:185,6
DA:186,6
DA:188,6
DA:189,1
DA:190,1
DA:194,5
DA:197,4
DA:199,4
DA:200,3
DA:202,2
DA:203,1
DA:204,1
DA:206,1
DA:208,3
DA:209,3
DA:211,1
DA:212,1
DA:215,1
DA:216,1
DA:220,3
DA:221,5
DA:222,5
DA:223,5
DA:224,5
DA:225,5
DA:226,5
DA:227,5
DA:228,5
DA:229,5
DA:230,4
DA:232,1
DA:237,5
DA:238,5
DA:240,5
DA:241,1
DA:242,1
DA:246,4
DA:249,4
DA:251,4
DA:252,3
DA:264,2
DA:267,1
DA:268,1
DA:280,1
DA:284,3
DA:285,3
DA:287,1
DA:288,1
DA:291,0
DA:292,0
DA:297,3
LF:131
LH:128
BRDA:17,0,0,2
BRDA:17,0,1,1
BRDA:17,1,0,3
BRDA:17,1,1,3
BRDA:28,2,0,2
BRDA:28,2,1,1
BRDA:34,3,0,2
BRDA:34,3,1,1
BRDA:34,4,0,3
BRDA:34,4,1,3
BRDA:35,5,0,1
BRDA:35,5,1,2
BRDA:35,6,0,3
BRDA:35,6,1,3
BRDA:44,7,0,0
BRDA:44,7,1,1
BRDA:105,8,0,3
BRDA:105,8,1,0
BRDA:106,9,0,2
BRDA:106,9,1,1
BRDA:118,10,0,1
BRDA:118,10,1,0
BRDA:138,11,0,0
BRDA:138,11,1,3
BRDA:138,12,0,3
BRDA:138,12,1,3
BRDA:141,13,0,2
BRDA:141,13,1,1
BRDA:155,14,0,1
BRDA:155,14,1,0
BRDA:176,15,0,0
BRDA:176,15,1,6
BRDA:176,16,0,6
BRDA:176,16,1,6
BRDA:186,17,0,6
BRDA:186,17,1,0
BRDA:188,18,0,1
BRDA:188,18,1,5
BRDA:194,19,0,4
BRDA:194,19,1,1
BRDA:194,20,0,5
BRDA:194,20,1,3
BRDA:194,20,2,2
BRDA:194,20,3,2
BRDA:199,21,0,3
BRDA:199,21,1,1
BRDA:199,22,0,4
BRDA:199,22,1,4
BRDA:203,23,0,1
BRDA:203,23,1,0
BRDA:203,24,0,1
BRDA:203,24,1,1
BRDA:221,25,0,0
BRDA:221,25,1,5
BRDA:221,26,0,5
BRDA:221,26,1,5
BRDA:229,27,0,4
BRDA:229,27,1,1
BRDA:238,28,0,5
BRDA:238,28,1,0
BRDA:240,29,0,1
BRDA:240,29,1,4
BRDA:246,30,0,4
BRDA:246,30,1,0
BRDA:246,31,0,4
BRDA:246,31,1,3
BRDA:246,31,2,1
BRDA:251,32,0,3
BRDA:251,32,1,1
BRDA:251,33,0,4
BRDA:251,33,1,4
BRDA:267,34,0,1
BRDA:267,34,1,0
BRDA:267,35,0,1
BRDA:267,35,1,1
BRF:75
BRH:63
end_of_record
